#
# There is insufficient memory for the Java Runtime Environment to continue.
# Native memory allocation (mmap) failed to map 16777216 bytes. Error detail: G1 virtual space
# Possible reasons:
#   The system is out of physical RAM or swap space
#   This process is running with CompressedOops enabled, and the Java Heap may be blocking the growth of the native heap
# Possible solutions:
#   Reduce memory load on the system
#   Increase physical memory or swap space
#   Check if swap backing store is full
#   Decrease Java heap size (-Xmx/-Xms)
#   Decrease number of Java threads
#   Decrease Java thread stack sizes (-Xss)
#   Set larger code cache with -XX:ReservedCodeCacheSize=
#   JVM is running with Unscaled Compressed Oops mode in which the Java heap is
#     placed in the first 4GB address space. The Java Heap base address is the
#     maximum limit for the native heap growth. Please use -XX:HeapBaseMinAddress
#     to set the Java Heap base and to place the Java Heap above 4GB virtual address.
# This output file may be truncated or incomplete.
#
#  Out of Memory Error (os_windows.cpp:3898), pid=114036, tid=115380
#
# JRE version: OpenJDK Runtime Environment (21.0.6) (build 21.0.6+-13368085-b895.109)
# Java VM: OpenJDK 64-Bit Server VM (21.0.6+-13368085-b895.109, mixed mode, tiered, compressed oops, compressed class ptrs, g1 gc, windows-amd64)
# No core dump will be written. Minidumps are not enabled by default on client versions of Windows
#

---------------  S U M M A R Y ------------

Command Line: --add-opens=java.base/java.lang=ALL-UNNAMED --add-opens=java.base/java.lang.invoke=ALL-UNNAMED --add-opens=java.base/java.util=ALL-UNNAMED --add-opens=java.prefs/java.util.prefs=ALL-UNNAMED --add-exports=jdk.compiler/com.sun.tools.javac.api=ALL-UNNAMED --add-exports=jdk.compiler/com.sun.tools.javac.util=ALL-UNNAMED --add-opens=java.base/java.util=ALL-UNNAMED --add-opens=java.prefs/java.util.prefs=ALL-UNNAMED --add-opens=java.base/java.nio.charset=ALL-UNNAMED --add-opens=java.base/java.net=ALL-UNNAMED --add-opens=java.base/java.util.concurrent.atomic=ALL-UNNAMED --add-opens=java.xml/javax.xml.namespace=ALL-UNNAMED -Xmx2048m -Dfile.encoding=UTF-8 -Duser.country=ID -Duser.language=en -Duser.variant -javaagent:C:\Users\licen\.gradle\wrapper\dists\gradle-8.11.1-bin\bpt9gzteqjrbo1mjrsomdt32c\gradle-8.11.1\lib\agents\gradle-instrumentation-agent-8.11.1.jar org.gradle.launcher.daemon.bootstrap.GradleDaemon 8.11.1

Host: AMD Ryzen 5 7520U with Radeon Graphics         , 8 cores, 5G,  Windows 11 , 64 bit Build 22621 (10.0.22621.5262)
Time: Tue Jul  1 21:44:15 2025 SE Asia Standard Time elapsed time: 7.511518 seconds (0d 0h 0m 7s)

---------------  T H R E A D  ---------------

Current thread (0x000002653360d6c0):  VMThread "VM Thread"          [id=115380, stack(0x000000a28ed00000,0x000000a28ee00000) (1024K)]

Stack: [0x000000a28ed00000,0x000000a28ee00000]
Native frames: (J=compiled Java code, j=interpreted, Vv=VM code, C=native code)
V  [jvm.dll+0x6d0639]
V  [jvm.dll+0x85eb03]
V  [jvm.dll+0x86105e]
V  [jvm.dll+0x861743]
V  [jvm.dll+0x27e6e6]
V  [jvm.dll+0x6ccfd5]
V  [jvm.dll+0x6c0a8a]
V  [jvm.dll+0x35537b]
V  [jvm.dll+0x35cfd6]
V  [jvm.dll+0x3aef86]
V  [jvm.dll+0x3af258]
V  [jvm.dll+0x327a2c]
V  [jvm.dll+0x327ab7]
V  [jvm.dll+0x36d93c]
V  [jvm.dll+0x36c0ee]
V  [jvm.dll+0x327181]
V  [jvm.dll+0x36b7f0]
V  [jvm.dll+0x8674c8]
V  [jvm.dll+0x868844]
V  [jvm.dll+0x868d80]
V  [jvm.dll+0x869013]
V  [jvm.dll+0x806ed8]
V  [jvm.dll+0x6cef0d]
C  [ucrtbase.dll+0x29333]
C  [KERNEL32.DLL+0x1259d]
C  [ntdll.dll+0x5af58]

VM_Operation (0x000000a2902f7350): G1CollectForAllocation, mode: safepoint, requested by thread 0x0000026539aac620


---------------  P R O C E S S  ---------------

Threads class SMR info:
_java_thread_list=0x000002653b565cf0, length=32, elements={
0x000002651bf0c510, 0x00000265337ad740, 0x00000265337ae7b0, 0x00000265337b0e10,
0x0000026533796050, 0x0000026533797ab0, 0x0000026533798500, 0x000002653379ad00,
0x00000265337bde40, 0x00000265338fb5c0, 0x0000026533adabe0, 0x0000026539a25600,
0x00000265398a3640, 0x00000265398889d0, 0x0000026539b564c0, 0x0000026539b56b20,
0x0000026539ab5660, 0x0000026539aac620, 0x0000026539b02b80, 0x0000026539b05530,
0x0000026539b05bc0, 0x0000026539b06f70, 0x0000026539b07600, 0x0000026539b068e0,
0x0000026539b06250, 0x0000026539b04180, 0x0000026539b04810, 0x0000026539b04ea0,
0x000002653b1d8750, 0x000002653b1d9b00, 0x000002653b1d73a0, 0x000002653b1d6680
}

Java Threads: ( => current thread )
  0x000002651bf0c510 JavaThread "main"                              [_thread_blocked, id=116744, stack(0x000000a28e600000,0x000000a28e700000) (1024K)]
  0x00000265337ad740 JavaThread "Reference Handler"          daemon [_thread_blocked, id=116032, stack(0x000000a28ee00000,0x000000a28ef00000) (1024K)]
  0x00000265337ae7b0 JavaThread "Finalizer"                  daemon [_thread_blocked, id=102160, stack(0x000000a28ef00000,0x000000a28f000000) (1024K)]
  0x00000265337b0e10 JavaThread "Signal Dispatcher"          daemon [_thread_blocked, id=112684, stack(0x000000a28f000000,0x000000a28f100000) (1024K)]
  0x0000026533796050 JavaThread "Attach Listener"            daemon [_thread_blocked, id=104432, stack(0x000000a28f100000,0x000000a28f200000) (1024K)]
  0x0000026533797ab0 JavaThread "Service Thread"             daemon [_thread_blocked, id=117088, stack(0x000000a28f200000,0x000000a28f300000) (1024K)]
  0x0000026533798500 JavaThread "Monitor Deflation Thread"   daemon [_thread_blocked, id=117144, stack(0x000000a28f300000,0x000000a28f400000) (1024K)]
  0x000002653379ad00 JavaThread "C2 CompilerThread0"         daemon [_thread_blocked, id=116812, stack(0x000000a28f400000,0x000000a28f500000) (1024K)]
  0x00000265337bde40 JavaThread "C1 CompilerThread0"         daemon [_thread_blocked, id=115136, stack(0x000000a28f500000,0x000000a28f600000) (1024K)]
  0x00000265338fb5c0 JavaThread "Common-Cleaner"             daemon [_thread_blocked, id=114744, stack(0x000000a28f600000,0x000000a28f700000) (1024K)]
  0x0000026533adabe0 JavaThread "Notification Thread"        daemon [_thread_blocked, id=116892, stack(0x000000a28f700000,0x000000a28f800000) (1024K)]
  0x0000026539a25600 JavaThread "Daemon health stats"               [_thread_blocked, id=117080, stack(0x000000a28fc00000,0x000000a28fd00000) (1024K)]
  0x00000265398a3640 JavaThread "Incoming local TCP Connector on port 61235"        [_thread_in_native, id=115836, stack(0x000000a28fd00000,0x000000a28fe00000) (1024K)]
  0x00000265398889d0 JavaThread "Daemon periodic checks"            [_thread_blocked, id=106860, stack(0x000000a28fe00000,0x000000a28ff00000) (1024K)]
  0x0000026539b564c0 JavaThread "Daemon"                            [_thread_blocked, id=115148, stack(0x000000a28ff00000,0x000000a290000000) (1024K)]
  0x0000026539b56b20 JavaThread "Handler for socket connection from /127.0.0.1:61235 to /127.0.0.1:61236"        [_thread_in_native, id=116448, stack(0x000000a290000000,0x000000a290100000) (1024K)]
  0x0000026539ab5660 JavaThread "Cancel handler"                    [_thread_blocked, id=113268, stack(0x000000a290100000,0x000000a290200000) (1024K)]
  0x0000026539aac620 JavaThread "Daemon worker"                     [_thread_blocked, id=80372, stack(0x000000a290200000,0x000000a290300000) (1024K)]
  0x0000026539b02b80 JavaThread "Asynchronous log dispatcher for DefaultDaemonConnection: socket connection from /127.0.0.1:61235 to /127.0.0.1:61236"        [_thread_blocked, id=115900, stack(0x000000a290300000,0x000000a290400000) (1024K)]
  0x0000026539b05530 JavaThread "Stdin handler"                     [_thread_blocked, id=112416, stack(0x000000a290400000,0x000000a290500000) (1024K)]
  0x0000026539b05bc0 JavaThread "Daemon client event forwarder"        [_thread_blocked, id=116648, stack(0x000000a290500000,0x000000a290600000) (1024K)]
  0x0000026539b06f70 JavaThread "Cache worker for journal cache (C:\Users\licen\.gradle\caches\journal-1)"        [_thread_blocked, id=117372, stack(0x000000a290a00000,0x000000a290b00000) (1024K)]
  0x0000026539b07600 JavaThread "File lock request listener"        [_thread_in_native, id=115296, stack(0x000000a290b00000,0x000000a290c00000) (1024K)]
  0x0000026539b068e0 JavaThread "Cache worker for file hash cache (C:\Users\licen\.gradle\caches\8.11.1\fileHashes)"        [_thread_blocked, id=77036, stack(0x000000a290c00000,0x000000a290d00000) (1024K)]
  0x0000026539b06250 JavaThread "Cache worker for file content cache (C:\Users\licen\.gradle\caches\8.11.1\fileContent)"        [_thread_blocked, id=117640, stack(0x000000a290d00000,0x000000a290e00000) (1024K)]
  0x0000026539b04180 JavaThread "Cache worker for file hash cache (C:\Users\licen\pedulipangan\.gradle\8.11.1\fileHashes)"        [_thread_blocked, id=117636, stack(0x000000a290e00000,0x000000a290f00000) (1024K)]
  0x0000026539b04810 JavaThread "Cache worker for Build Output Cleanup Cache (C:\Users\licen\pedulipangan\.gradle\buildOutputCleanup)"        [_thread_blocked, id=117456, stack(0x000000a290f00000,0x000000a291000000) (1024K)]
  0x0000026539b04ea0 JavaThread "File watcher server"        daemon [_thread_in_native, id=112832, stack(0x000000a291000000,0x000000a291100000) (1024K)]
  0x000002653b1d8750 JavaThread "File watcher consumer"      daemon [_thread_blocked, id=114584, stack(0x000000a291100000,0x000000a291200000) (1024K)]
  0x000002653b1d9b00 JavaThread "Cache worker for checksums cache (C:\Users\licen\pedulipangan\.gradle\8.11.1\checksums)"        [_thread_blocked, id=115208, stack(0x000000a291200000,0x000000a291300000) (1024K)]
  0x000002653b1d73a0 JavaThread "Cache worker for cache directory md-rule (C:\Users\licen\.gradle\caches\8.11.1\md-rule)"        [_thread_blocked, id=116248, stack(0x000000a291300000,0x000000a291400000) (1024K)]
  0x000002653b1d6680 JavaThread "Cache worker for cache directory md-supplier (C:\Users\licen\.gradle\caches\8.11.1\md-supplier)"        [_thread_blocked, id=115848, stack(0x000000a291400000,0x000000a291500000) (1024K)]
Total: 32

Other Threads:
=>0x000002653360d6c0 VMThread "VM Thread"                           [id=115380, stack(0x000000a28ed00000,0x000000a28ee00000) (1024K)]
  0x000002653357def0 WatcherThread "VM Periodic Task Thread"        [id=102220, stack(0x000000a28ec00000,0x000000a28ed00000) (1024K)]
  0x000002651bf67870 WorkerThread "GC Thread#0"                     [id=114872, stack(0x000000a28e700000,0x000000a28e800000) (1024K)]
  0x0000026538460b00 WorkerThread "GC Thread#1"                     [id=115720, stack(0x000000a28f800000,0x000000a28f900000) (1024K)]
  0x00000265382450f0 WorkerThread "GC Thread#2"                     [id=113724, stack(0x000000a28f900000,0x000000a28fa00000) (1024K)]
  0x0000026538fe6c10 WorkerThread "GC Thread#3"                     [id=117308, stack(0x000000a28fa00000,0x000000a28fb00000) (1024K)]
  0x0000026538fe73c0 WorkerThread "GC Thread#4"                     [id=117340, stack(0x000000a28fb00000,0x000000a28fc00000) (1024K)]
  0x0000026539aee8f0 WorkerThread "GC Thread#5"                     [id=116908, stack(0x000000a290600000,0x000000a290700000) (1024K)]
  0x0000026539aeec90 WorkerThread "GC Thread#6"                     [id=17680, stack(0x000000a290700000,0x000000a290800000) (1024K)]
  0x0000026539aef030 WorkerThread "GC Thread#7"                     [id=114868, stack(0x000000a290800000,0x000000a290900000) (1024K)]
  0x000002651bf788d0 ConcurrentGCThread "G1 Main Marker"            [id=114100, stack(0x000000a28e800000,0x000000a28e900000) (1024K)]
  0x000002651bf79a80 WorkerThread "G1 Conc#0"                       [id=115432, stack(0x000000a28e900000,0x000000a28ea00000) (1024K)]
  0x0000026539aee550 WorkerThread "G1 Conc#1"                       [id=115872, stack(0x000000a290900000,0x000000a290a00000) (1024K)]
  0x000002651bfce540 ConcurrentGCThread "G1 Refine#0"               [id=114532, stack(0x000000a28ea00000,0x000000a28eb00000) (1024K)]
  0x000002653344f140 ConcurrentGCThread "G1 Service"                [id=75628, stack(0x000000a28eb00000,0x000000a28ec00000) (1024K)]
Total: 15

Threads with active compile tasks:
C2 CompilerThread0  7540 3642       4       java.io.DataInputStream::readUTF (501 bytes)
Total: 1

VM state: at safepoint (normal execution)

VM Mutex/Monitor currently owned by a thread:  ([mutex/lock_event])
[0x00007ff81832e3a0] Threads_lock - owner thread: 0x000002653360d6c0
[0x00007ff81832e4a0] Heap_lock - owner thread: 0x0000026539aac620

Heap address: 0x0000000080000000, size: 2048 MB, Compressed Oops mode: 32-bit

CDS archive(s) not mapped
Compressed class space mapped at: 0x0000000100000000-0x0000000140000000, reserved size: 1073741824
Narrow klass base: 0x0000000000000000, Narrow klass shift: 3, Narrow klass range: 0x140000000

GC Precious Log:
 CardTable entry size: 512
 Card Set container configuration: InlinePtr #cards 5 size 8 Array Of Cards #cards 12 size 40 Howl #buckets 4 coarsen threshold 1843 Howl Bitmap #cards 512 size 80 coarsen threshold 460 Card regions per heap region 1 cards per card region 2048
 CPUs: 8 total, 8 available
 Memory: 5877M
 Large Page Support: Disabled
 NUMA Support: Disabled
 Compressed Oops: Enabled (32-bit)
 Heap Region Size: 1M
 Heap Min Capacity: 8M
 Heap Initial Capacity: 92M
 Heap Max Capacity: 2G
 Pre-touch: Disabled
 Parallel Workers: 8
 Concurrent Workers: 2
 Concurrent Refinement Workers: 8
 Periodic GC: Disabled

Heap:
 garbage-first heap   total 79872K, used 29150K [0x0000000080000000, 0x0000000100000000)
  region size 1024K, 5 young (5120K), 5 survivors (5120K)
 Metaspace       used 40717K, committed 41920K, reserved 1114112K
  class space    used 5585K, committed 6144K, reserved 1048576K

Heap Regions: E=young(eden), S=young(survivor), O=old, HS=humongous(starts), HC=humongous(continues), CS=collection set, F=free, TAMS=top-at-mark-start, PB=parsable bottom
|   0|0x0000000080000000, 0x0000000080100000, 0x0000000080100000|100%| O|  |TAMS 0x0000000080000000| PB 0x0000000080000000| Untracked 
|   1|0x0000000080100000, 0x0000000080200000, 0x0000000080200000|100%|HS|  |TAMS 0x0000000080100000| PB 0x0000000080100000| Complete 
|   2|0x0000000080200000, 0x0000000080300000, 0x0000000080300000|100%|HC|  |TAMS 0x0000000080200000| PB 0x0000000080200000| Complete 
|   3|0x0000000080300000, 0x0000000080400000, 0x0000000080400000|100%|HC|  |TAMS 0x0000000080300000| PB 0x0000000080300000| Complete 
|   4|0x0000000080400000, 0x0000000080500000, 0x0000000080500000|100%| O|  |TAMS 0x0000000080400000| PB 0x0000000080400000| Untracked 
|   5|0x0000000080500000, 0x0000000080600000, 0x0000000080600000|100%| O|  |TAMS 0x0000000080500000| PB 0x0000000080500000| Untracked 
|   6|0x0000000080600000, 0x0000000080700000, 0x0000000080700000|100%| O|  |TAMS 0x0000000080600000| PB 0x0000000080600000| Untracked 
|   7|0x0000000080700000, 0x0000000080800000, 0x0000000080800000|100%|HS|  |TAMS 0x0000000080700000| PB 0x0000000080700000| Complete 
|   8|0x0000000080800000, 0x0000000080900000, 0x0000000080900000|100%| O|  |TAMS 0x0000000080800000| PB 0x0000000080800000| Untracked 
|   9|0x0000000080900000, 0x0000000080a00000, 0x0000000080a00000|100%| O|  |TAMS 0x0000000080900000| PB 0x0000000080900000| Untracked 
|  10|0x0000000080a00000, 0x0000000080b00000, 0x0000000080b00000|100%| O|  |TAMS 0x0000000080a00000| PB 0x0000000080a00000| Untracked 
|  11|0x0000000080b00000, 0x0000000080c00000, 0x0000000080c00000|100%| O|  |TAMS 0x0000000080b00000| PB 0x0000000080b00000| Untracked 
|  12|0x0000000080c00000, 0x0000000080d00000, 0x0000000080d00000|100%| O|  |TAMS 0x0000000080c00000| PB 0x0000000080c00000| Untracked 
|  13|0x0000000080d00000, 0x0000000080e00000, 0x0000000080e00000|100%| O|  |TAMS 0x0000000080d00000| PB 0x0000000080d00000| Untracked 
|  14|0x0000000080e00000, 0x0000000080f00000, 0x0000000080f00000|100%| O|  |TAMS 0x0000000080e00000| PB 0x0000000080e00000| Untracked 
|  15|0x0000000080f00000, 0x0000000081000000, 0x0000000081000000|100%| O|  |TAMS 0x0000000080f00000| PB 0x0000000080f00000| Untracked 
|  16|0x0000000081000000, 0x00000000810c5390, 0x0000000081100000| 77%| O|Cm|TAMS 0x0000000081000000| PB 0x0000000081000000| Complete 
|  17|0x0000000081100000, 0x0000000081200000, 0x0000000081200000|100%| O|  |TAMS 0x0000000081100000| PB 0x0000000081100000| Untracked 
|  18|0x0000000081200000, 0x0000000081300000, 0x0000000081300000|100%| O|  |TAMS 0x0000000081200000| PB 0x0000000081200000| Untracked 
|  19|0x0000000081300000, 0x00000000813b2780, 0x0000000081400000| 69%| O|  |TAMS 0x0000000081300000| PB 0x0000000081300000| Untracked 
|  20|0x0000000081400000, 0x0000000081400000, 0x0000000081500000|  0%| F|  |TAMS 0x0000000081400000| PB 0x0000000081400000| Untracked 
|  21|0x0000000081500000, 0x0000000081500000, 0x0000000081600000|  0%| F|  |TAMS 0x0000000081500000| PB 0x0000000081500000| Untracked 
|  22|0x0000000081600000, 0x0000000081600000, 0x0000000081700000|  0%| F|  |TAMS 0x0000000081600000| PB 0x0000000081600000| Untracked 
|  23|0x0000000081700000, 0x0000000081700000, 0x0000000081800000|  0%| F|  |TAMS 0x0000000081700000| PB 0x0000000081700000| Untracked 
|  24|0x0000000081800000, 0x0000000081800000, 0x0000000081900000|  0%| F|  |TAMS 0x0000000081800000| PB 0x0000000081800000| Untracked 
|  25|0x0000000081900000, 0x0000000081900000, 0x0000000081a00000|  0%| F|  |TAMS 0x0000000081900000| PB 0x0000000081900000| Untracked 
|  26|0x0000000081a00000, 0x0000000081b00000, 0x0000000081b00000|100%| S|CS|TAMS 0x0000000081a00000| PB 0x0000000081a00000| Complete 
|  27|0x0000000081b00000, 0x0000000081c00000, 0x0000000081c00000|100%| S|CS|TAMS 0x0000000081b00000| PB 0x0000000081b00000| Complete 
|  28|0x0000000081c00000, 0x0000000081d00000, 0x0000000081d00000|100%| S|CS|TAMS 0x0000000081c00000| PB 0x0000000081c00000| Complete 
|  29|0x0000000081d00000, 0x0000000081e00000, 0x0000000081e00000|100%| S|CS|TAMS 0x0000000081d00000| PB 0x0000000081d00000| Complete 
|  30|0x0000000081e00000, 0x0000000081f00000, 0x0000000081f00000|100%| S|CS|TAMS 0x0000000081e00000| PB 0x0000000081e00000| Complete 
|  31|0x0000000081f00000, 0x0000000081f00000, 0x0000000082000000|  0%| F|  |TAMS 0x0000000081f00000| PB 0x0000000081f00000| Untracked 
|  32|0x0000000082000000, 0x0000000082000000, 0x0000000082100000|  0%| F|  |TAMS 0x0000000082000000| PB 0x0000000082000000| Untracked 
|  33|0x0000000082100000, 0x0000000082100000, 0x0000000082200000|  0%| F|  |TAMS 0x0000000082100000| PB 0x0000000082100000| Untracked 
|  34|0x0000000082200000, 0x0000000082200000, 0x0000000082300000|  0%| F|  |TAMS 0x0000000082200000| PB 0x0000000082200000| Untracked 
|  35|0x0000000082300000, 0x0000000082300000, 0x0000000082400000|  0%| F|  |TAMS 0x0000000082300000| PB 0x0000000082300000| Untracked 
|  36|0x0000000082400000, 0x0000000082400000, 0x0000000082500000|  0%| F|  |TAMS 0x0000000082400000| PB 0x0000000082400000| Untracked 
|  37|0x0000000082500000, 0x0000000082500000, 0x0000000082600000|  0%| F|  |TAMS 0x0000000082500000| PB 0x0000000082500000| Untracked 
|  38|0x0000000082600000, 0x0000000082600000, 0x0000000082700000|  0%| F|  |TAMS 0x0000000082600000| PB 0x0000000082600000| Untracked 
|  39|0x0000000082700000, 0x0000000082700000, 0x0000000082800000|  0%| F|  |TAMS 0x0000000082700000| PB 0x0000000082700000| Untracked 
|  40|0x0000000082800000, 0x0000000082800000, 0x0000000082900000|  0%| F|  |TAMS 0x0000000082800000| PB 0x0000000082800000| Untracked 
|  41|0x0000000082900000, 0x0000000082900000, 0x0000000082a00000|  0%| F|  |TAMS 0x0000000082900000| PB 0x0000000082900000| Untracked 
|  42|0x0000000082a00000, 0x0000000082a00000, 0x0000000082b00000|  0%| F|  |TAMS 0x0000000082a00000| PB 0x0000000082a00000| Untracked 
|  43|0x0000000082b00000, 0x0000000082b00000, 0x0000000082c00000|  0%| F|  |TAMS 0x0000000082b00000| PB 0x0000000082b00000| Untracked 
|  44|0x0000000082c00000, 0x0000000082c00000, 0x0000000082d00000|  0%| F|  |TAMS 0x0000000082c00000| PB 0x0000000082c00000| Untracked 
|  45|0x0000000082d00000, 0x0000000082d00000, 0x0000000082e00000|  0%| F|  |TAMS 0x0000000082d00000| PB 0x0000000082d00000| Untracked 
|  46|0x0000000082e00000, 0x0000000082e00000, 0x0000000082f00000|  0%| F|  |TAMS 0x0000000082e00000| PB 0x0000000082e00000| Untracked 
|  47|0x0000000082f00000, 0x0000000082f00000, 0x0000000083000000|  0%| F|  |TAMS 0x0000000082f00000| PB 0x0000000082f00000| Untracked 
|  48|0x0000000083000000, 0x0000000083000000, 0x0000000083100000|  0%| F|  |TAMS 0x0000000083000000| PB 0x0000000083000000| Untracked 
|  49|0x0000000083100000, 0x0000000083100000, 0x0000000083200000|  0%| F|  |TAMS 0x0000000083100000| PB 0x0000000083100000| Untracked 
|  50|0x0000000083200000, 0x0000000083200000, 0x0000000083300000|  0%| F|  |TAMS 0x0000000083200000| PB 0x0000000083200000| Untracked 
|  51|0x0000000083300000, 0x0000000083300000, 0x0000000083400000|  0%| F|  |TAMS 0x0000000083300000| PB 0x0000000083300000| Untracked 
|  52|0x0000000083400000, 0x0000000083400000, 0x0000000083500000|  0%| F|  |TAMS 0x0000000083400000| PB 0x0000000083400000| Untracked 
|  53|0x0000000083500000, 0x0000000083500000, 0x0000000083600000|  0%| F|  |TAMS 0x0000000083500000| PB 0x0000000083500000| Untracked 
|  54|0x0000000083600000, 0x0000000083600000, 0x0000000083700000|  0%| F|  |TAMS 0x0000000083600000| PB 0x0000000083600000| Untracked 
|  55|0x0000000083700000, 0x0000000083700000, 0x0000000083800000|  0%| F|  |TAMS 0x0000000083700000| PB 0x0000000083700000| Untracked 
|  56|0x0000000083800000, 0x0000000083800000, 0x0000000083900000|  0%| F|  |TAMS 0x0000000083800000| PB 0x0000000083800000| Untracked 
|  57|0x0000000083900000, 0x0000000083900000, 0x0000000083a00000|  0%| F|  |TAMS 0x0000000083900000| PB 0x0000000083900000| Untracked 
|  58|0x0000000083a00000, 0x0000000083a00000, 0x0000000083b00000|  0%| F|  |TAMS 0x0000000083a00000| PB 0x0000000083a00000| Untracked 
|  59|0x0000000083b00000, 0x0000000083b00000, 0x0000000083c00000|  0%| F|  |TAMS 0x0000000083b00000| PB 0x0000000083b00000| Untracked 
|  60|0x0000000083c00000, 0x0000000083c00000, 0x0000000083d00000|  0%| F|  |TAMS 0x0000000083c00000| PB 0x0000000083c00000| Untracked 
|  61|0x0000000083d00000, 0x0000000083d00000, 0x0000000083e00000|  0%| F|  |TAMS 0x0000000083d00000| PB 0x0000000083d00000| Untracked 
|  62|0x0000000083e00000, 0x0000000083e00000, 0x0000000083f00000|  0%| F|  |TAMS 0x0000000083e00000| PB 0x0000000083e00000| Untracked 
|  63|0x0000000083f00000, 0x0000000083f00000, 0x0000000084000000|  0%| F|  |TAMS 0x0000000083f00000| PB 0x0000000083f00000| Untracked 
|  64|0x0000000084000000, 0x0000000084000000, 0x0000000084100000|  0%| F|  |TAMS 0x0000000084000000| PB 0x0000000084000000| Untracked 
|  65|0x0000000084100000, 0x0000000084100000, 0x0000000084200000|  0%| F|  |TAMS 0x0000000084100000| PB 0x0000000084100000| Untracked 
|  66|0x0000000084200000, 0x0000000084200000, 0x0000000084300000|  0%| F|  |TAMS 0x0000000084200000| PB 0x0000000084200000| Untracked 
|  67|0x0000000084300000, 0x0000000084300000, 0x0000000084400000|  0%| F|  |TAMS 0x0000000084300000| PB 0x0000000084300000| Untracked 
|  68|0x0000000084400000, 0x0000000084400000, 0x0000000084500000|  0%| F|  |TAMS 0x0000000084400000| PB 0x0000000084400000| Untracked 
|  69|0x0000000084500000, 0x0000000084500000, 0x0000000084600000|  0%| F|  |TAMS 0x0000000084500000| PB 0x0000000084500000| Untracked 
|  70|0x0000000084600000, 0x0000000084600000, 0x0000000084700000|  0%| F|  |TAMS 0x0000000084600000| PB 0x0000000084600000| Untracked 
|  71|0x0000000084700000, 0x0000000084700000, 0x0000000084800000|  0%| F|  |TAMS 0x0000000084700000| PB 0x0000000084700000| Untracked 
|  72|0x0000000084800000, 0x0000000084800000, 0x0000000084900000|  0%| F|  |TAMS 0x0000000084800000| PB 0x0000000084800000| Untracked 
|  91|0x0000000085b00000, 0x0000000085b00000, 0x0000000085c00000|  0%| F|  |TAMS 0x0000000085b00000| PB 0x0000000085b00000| Untracked 
|2044|0x00000000ffc00000, 0x00000000ffd00000, 0x00000000ffd00000|100%| O|  |TAMS 0x00000000ffc00000| PB 0x00000000ffc00000| Untracked 
|2045|0x00000000ffd00000, 0x00000000ffe00000, 0x00000000ffe00000|100%| O|  |TAMS 0x00000000ffd00000| PB 0x00000000ffd00000| Untracked 
|2046|0x00000000ffe00000, 0x00000000fff00000, 0x00000000fff00000|100%| O|  |TAMS 0x00000000ffe00000| PB 0x00000000ffe00000| Untracked 
|2047|0x00000000fff00000, 0x0000000100000000, 0x0000000100000000|100%| O|  |TAMS 0x00000000fff00000| PB 0x00000000fff00000| Untracked 

Card table byte_map: [0x000002652e7a0000,0x000002652eba0000] _byte_map_base: 0x000002652e3a0000

Marking Bits: (CMBitMap*) 0x000002651bf67e80
 Bits: [0x000002652eba0000, 0x0000026530ba0000)

Polling page: 0x0000026519ee0000

Metaspace:

Usage:
  Non-class:     34.31 MB used.
      Class:      5.45 MB used.
       Both:     39.76 MB used.

Virtual space:
  Non-class space:       64.00 MB reserved,      34.94 MB ( 55%) committed,  1 nodes.
      Class space:        1.00 GB reserved,       6.00 MB ( <1%) committed,  1 nodes.
             Both:        1.06 GB reserved,      40.94 MB (  4%) committed. 

Chunk freelists:
   Non-Class:  12.21 MB
       Class:  10.01 MB
        Both:  22.21 MB

MaxMetaspaceSize: unlimited
CompressedClassSpaceSize: 1.00 GB
Initial GC threshold: 21.00 MB
Current GC threshold: 58.69 MB
CDS: off
 - commit_granule_bytes: 65536.
 - commit_granule_words: 8192.
 - virtual_space_node_default_size: 8388608.
 - enlarge_chunks_in_place: 1.
 - use_allocation_guard: 0.


Internal statistics:

num_allocs_failed_limit: 6.
num_arena_births: 2152.
num_arena_deaths: 0.
num_vsnodes_births: 2.
num_vsnodes_deaths: 0.
num_space_committed: 655.
num_space_uncommitted: 0.
num_chunks_returned_to_freelist: 6.
num_chunks_taken_from_freelist: 3686.
num_chunk_merges: 6.
num_chunk_splits: 2380.
num_chunks_enlarged: 1447.
num_inconsistent_stats: 0.

CodeHeap 'non-profiled nmethods': size=120000Kb used=1702Kb max_used=1702Kb free=118297Kb
 bounds [0x0000026526b30000, 0x0000026526da0000, 0x000002652e060000]
CodeHeap 'profiled nmethods': size=120000Kb used=6423Kb max_used=6533Kb free=113577Kb
 bounds [0x000002651f060000, 0x000002651f6e0000, 0x0000026526590000]
CodeHeap 'non-nmethods': size=5760Kb used=1527Kb max_used=1527Kb free=4232Kb
 bounds [0x0000026526590000, 0x0000026526800000, 0x0000026526b30000]
 total_blobs=3852 nmethods=3258 adapters=495
 compilation: enabled
              stopped_count=0, restarted_count=0
 full_count=0

Compilation events (20 events):
Event: 7.492 Thread 0x00000265337bde40 3659       3       java.lang.reflect.ReflectAccess::getExecutableSharedParameterTypes (5 bytes)
Event: 7.492 Thread 0x00000265337bde40 nmethod 3659 0x000002651f095d90 code [0x000002651f095f40, 0x000002651f096110]
Event: 7.492 Thread 0x00000265337bde40 3661       3       org.codehaus.groovy.util.LockableObject::<init> (5 bytes)
Event: 7.492 Thread 0x00000265337bde40 nmethod 3661 0x000002651f2e3e10 code [0x000002651f2e3fc0, 0x000002651f2e41e8]
Event: 7.492 Thread 0x00000265337bde40 3662       3       org.codehaus.groovy.util.LazyReference::<init> (17 bytes)
Event: 7.492 Thread 0x00000265337bde40 nmethod 3662 0x000002651f2e3790 code [0x000002651f2e3960, 0x000002651f2e3ca8]
Event: 7.493 Thread 0x00000265337bde40 3663       3       java.util.concurrent.atomic.AtomicInteger::incrementAndGet (14 bytes)
Event: 7.493 Thread 0x00000265337bde40 nmethod 3663 0x000002651f2be210 code [0x000002651f2be3a0, 0x000002651f2be4c0]
Event: 7.493 Thread 0x00000265337bde40 3664       3       org.codehaus.groovy.util.LazyReference::get (44 bytes)
Event: 7.493 Thread 0x00000265337bde40 nmethod 3664 0x000002651f39b610 code [0x000002651f39b800, 0x000002651f39bbd8]
Event: 7.494 Thread 0x00000265337bde40 3666       1       org.codehaus.groovy.util.ReferenceManager::getReferenceQueue (5 bytes)
Event: 7.494 Thread 0x00000265337bde40 nmethod 3666 0x0000026526c14b10 code [0x0000026526c14ca0, 0x0000026526c14d68]
Event: 7.494 Thread 0x00000265337bde40 3667       1       org.codehaus.groovy.util.ReferenceBundle::getType (5 bytes)
Event: 7.494 Thread 0x00000265337bde40 nmethod 3667 0x0000026526c14810 code [0x0000026526c149a0, 0x0000026526c14a68]
Event: 7.494 Thread 0x00000265337bde40 3668       1       org.codehaus.groovy.util.ReferenceBundle::getManager (5 bytes)
Event: 7.494 Thread 0x00000265337bde40 nmethod 3668 0x0000026526c14510 code [0x0000026526c146a0, 0x0000026526c14768]
Event: 7.497 Thread 0x00000265337bde40 3669       3       jdk.internal.org.objectweb.asm.MethodWriter::visitInsn (115 bytes)
Event: 7.498 Thread 0x00000265337bde40 nmethod 3669 0x000002651f39ae90 code [0x000002651f39b080, 0x000002651f39b450]
Event: 7.499 Thread 0x00000265337bde40 3670       3       java.lang.invoke.InvokerBytecodeGenerator::emitPushArgument (150 bytes)
Event: 7.500 Thread 0x00000265337bde40 nmethod 3670 0x000002651f399b10 code [0x000002651f399e00, 0x000002651f39ab20]

GC Heap History (15 events):
Event: 0.689 GC heap before
{Heap before GC invocations=0 (full 0):
 garbage-first heap   total 94208K, used 22528K [0x0000000080000000, 0x0000000100000000)
  region size 1024K, 23 young (23552K), 0 survivors (0K)
 Metaspace       used 7990K, committed 8128K, reserved 1114112K
  class space    used 712K, committed 768K, reserved 1048576K
}
Event: 0.698 GC heap after
{Heap after GC invocations=1 (full 0):
 garbage-first heap   total 94208K, used 3616K [0x0000000080000000, 0x0000000100000000)
  region size 1024K, 3 young (3072K), 3 survivors (3072K)
 Metaspace       used 7990K, committed 8128K, reserved 1114112K
  class space    used 712K, committed 768K, reserved 1048576K
}
Event: 2.442 GC heap before
{Heap before GC invocations=1 (full 0):
 garbage-first heap   total 94208K, used 39456K [0x0000000080000000, 0x0000000100000000)
  region size 1024K, 36 young (36864K), 3 survivors (3072K)
 Metaspace       used 12216K, committed 12416K, reserved 1114112K
  class space    used 1279K, committed 1408K, reserved 1048576K
}
Event: 2.452 GC heap after
{Heap after GC invocations=2 (full 0):
 garbage-first heap   total 94208K, used 11498K [0x0000000080000000, 0x0000000100000000)
  region size 1024K, 5 young (5120K), 5 survivors (5120K)
 Metaspace       used 12216K, committed 12416K, reserved 1114112K
  class space    used 1279K, committed 1408K, reserved 1048576K
}
Event: 3.110 GC heap before
{Heap before GC invocations=2 (full 0):
 garbage-first heap   total 94208K, used 54506K [0x0000000080000000, 0x0000000100000000)
  region size 1024K, 45 young (46080K), 5 survivors (5120K)
 Metaspace       used 12414K, committed 12608K, reserved 1114112K
  class space    used 1303K, committed 1408K, reserved 1048576K
}
Event: 3.118 GC heap after
{Heap after GC invocations=3 (full 0):
 garbage-first heap   total 94208K, used 17162K [0x0000000080000000, 0x0000000100000000)
  region size 1024K, 5 young (5120K), 5 survivors (5120K)
 Metaspace       used 12414K, committed 12608K, reserved 1114112K
  class space    used 1303K, committed 1408K, reserved 1048576K
}
Event: 4.461 GC heap before
{Heap before GC invocations=3 (full 0):
 garbage-first heap   total 94208K, used 48906K [0x0000000080000000, 0x0000000100000000)
  region size 1024K, 37 young (37888K), 5 survivors (5120K)
 Metaspace       used 21137K, committed 21504K, reserved 1114112K
  class space    used 2431K, committed 2624K, reserved 1048576K
}
Event: 4.466 GC heap after
{Heap after GC invocations=4 (full 0):
 garbage-first heap   total 94208K, used 21268K [0x0000000080000000, 0x0000000100000000)
  region size 1024K, 4 young (4096K), 4 survivors (4096K)
 Metaspace       used 21137K, committed 21504K, reserved 1114112K
  class space    used 2431K, committed 2624K, reserved 1048576K
}
Event: 5.735 GC heap before
{Heap before GC invocations=5 (full 0):
 garbage-first heap   total 71680K, used 70420K [0x0000000080000000, 0x0000000100000000)
  region size 1024K, 53 young (54272K), 4 survivors (4096K)
 Metaspace       used 29437K, committed 30016K, reserved 1114112K
  class space    used 3754K, committed 4032K, reserved 1048576K
}
Event: 5.743 GC heap after
{Heap after GC invocations=6 (full 0):
 garbage-first heap   total 79872K, used 24471K [0x0000000080000000, 0x0000000100000000)
  region size 1024K, 4 young (4096K), 4 survivors (4096K)
 Metaspace       used 29437K, committed 30016K, reserved 1114112K
  class space    used 3754K, committed 4032K, reserved 1048576K
}
Event: 6.732 GC heap before
{Heap before GC invocations=6 (full 0):
 garbage-first heap   total 79872K, used 63383K [0x0000000080000000, 0x0000000100000000)
  region size 1024K, 43 young (44032K), 4 survivors (4096K)
 Metaspace       used 34931K, committed 35776K, reserved 1114112K
  class space    used 4652K, committed 5056K, reserved 1048576K
}
Event: 6.736 GC heap after
{Heap after GC invocations=7 (full 0):
 garbage-first heap   total 79872K, used 26669K [0x0000000080000000, 0x0000000100000000)
  region size 1024K, 6 young (6144K), 6 survivors (6144K)
 Metaspace       used 34931K, committed 35776K, reserved 1114112K
  class space    used 4652K, committed 5056K, reserved 1048576K
}
Event: 6.772 GC heap before
{Heap before GC invocations=7 (full 0):
 garbage-first heap   total 79872K, used 27693K [0x0000000080000000, 0x0000000100000000)
  region size 1024K, 8 young (8192K), 6 survivors (6144K)
 Metaspace       used 35108K, committed 35968K, reserved 1114112K
  class space    used 4688K, committed 5120K, reserved 1048576K
}
Event: 6.777 GC heap after
{Heap after GC invocations=8 (full 0):
 garbage-first heap   total 79872K, used 26926K [0x0000000080000000, 0x0000000100000000)
  region size 1024K, 3 young (3072K), 3 survivors (3072K)
 Metaspace       used 35108K, committed 35968K, reserved 1114112K
  class space    used 4688K, committed 5120K, reserved 1048576K
}
Event: 7.501 GC heap before
{Heap before GC invocations=9 (full 0):
 garbage-first heap   total 79872K, used 67886K [0x0000000080000000, 0x0000000100000000)
  region size 1024K, 43 young (44032K), 3 survivors (3072K)
 Metaspace       used 40717K, committed 41920K, reserved 1114112K
  class space    used 5585K, committed 6144K, reserved 1048576K
}

Dll operation events (3 events):
Event: 0.013 Loaded shared library C:\Program Files\Android\Android Studio1\jbr\bin\java.dll
Event: 0.021 Loaded shared library C:\Program Files\Android\Android Studio1\jbr\bin\zip.dll
Event: 0.804 Loaded shared library C:\Program Files\Android\Android Studio1\jbr\bin\verify.dll

Deoptimization events (20 events):
Event: 7.370 Thread 0x0000026539aac620 Uncommon trap: trap_request=0xffffff45 fr.pc=0x0000026526bc0548 relative=0x0000000000000228
Event: 7.370 Thread 0x0000026539aac620 Uncommon trap: reason=unstable_if action=reinterpret pc=0x0000026526bc0548 method=java.util.HashMap.putVal(ILjava/lang/Object;Ljava/lang/Object;ZZ)Ljava/lang/Object; @ 162 c2
Event: 7.370 Thread 0x0000026539aac620 DEOPT PACKING pc=0x0000026526bc0548 sp=0x000000a2902fa760
Event: 7.370 Thread 0x0000026539aac620 DEOPT UNPACKING pc=0x00000265265e46a2 sp=0x000000a2902fa670 mode 2
Event: 7.496 Thread 0x0000026539aac620 Uncommon trap: trap_request=0xffffff45 fr.pc=0x0000026526c62360 relative=0x0000000000000640
Event: 7.496 Thread 0x0000026539aac620 Uncommon trap: reason=unstable_if action=reinterpret pc=0x0000026526c62360 method=jdk.internal.org.objectweb.asm.MethodWriter.visitVarInsn(II)V @ 108 c2
Event: 7.496 Thread 0x0000026539aac620 DEOPT PACKING pc=0x0000026526c62360 sp=0x000000a2902f0b90
Event: 7.496 Thread 0x0000026539aac620 DEOPT UNPACKING pc=0x00000265265e46a2 sp=0x000000a2902f0b58 mode 2
Event: 7.496 Thread 0x0000026539aac620 Uncommon trap: trap_request=0xffffff45 fr.pc=0x0000026526bc2a98 relative=0x00000000000015d8
Event: 7.496 Thread 0x0000026539aac620 Uncommon trap: reason=unstable_if action=reinterpret pc=0x0000026526bc2a98 method=jdk.internal.org.objectweb.asm.MethodWriter.visitMethodInsn(ILjava/lang/String;Ljava/lang/String;Ljava/lang/String;Z)V @ 81 c2
Event: 7.496 Thread 0x0000026539aac620 DEOPT PACKING pc=0x0000026526bc2a98 sp=0x000000a2902f0b60
Event: 7.496 Thread 0x0000026539aac620 DEOPT UNPACKING pc=0x00000265265e46a2 sp=0x000000a2902f0b20 mode 2
Event: 7.497 Thread 0x0000026539aac620 Uncommon trap: trap_request=0xffffff45 fr.pc=0x0000026526b58e84 relative=0x0000000000000964
Event: 7.497 Thread 0x0000026539aac620 Uncommon trap: reason=unstable_if action=reinterpret pc=0x0000026526b58e84 method=jdk.internal.org.objectweb.asm.MethodWriter.visitInsn(I)V @ 24 c2
Event: 7.497 Thread 0x0000026539aac620 DEOPT PACKING pc=0x0000026526b58e84 sp=0x000000a2902f0b70
Event: 7.497 Thread 0x0000026539aac620 DEOPT UNPACKING pc=0x00000265265e46a2 sp=0x000000a2902f0b58 mode 2
Event: 7.499 Thread 0x0000026539aac620 Uncommon trap: trap_request=0xffffff45 fr.pc=0x0000026526cc1134 relative=0x0000000000001374
Event: 7.499 Thread 0x0000026539aac620 Uncommon trap: reason=unstable_if action=reinterpret pc=0x0000026526cc1134 method=java.lang.invoke.LambdaForm.useCount(Ljava/lang/invoke/LambdaForm$Name;)I @ 8 c2
Event: 7.499 Thread 0x0000026539aac620 DEOPT PACKING pc=0x0000026526cc1134 sp=0x000000a2902f65a0
Event: 7.499 Thread 0x0000026539aac620 DEOPT UNPACKING pc=0x00000265265e46a2 sp=0x000000a2902f6400 mode 2

Classes loaded (20 events):
Event: 7.441 Loading class java/lang/InstantiationException done
Event: 7.443 Loading class java/util/EventListener
Event: 7.443 Loading class java/util/EventListener done
Event: 7.457 Loading class java/util/TimerTask
Event: 7.457 Loading class java/util/TimerTask done
Event: 7.457 Loading class java/util/Timer
Event: 7.458 Loading class java/util/Timer done
Event: 7.458 Loading class java/lang/Process
Event: 7.459 Loading class java/lang/Process done
Event: 7.485 Loading class java/security/AccessControlException
Event: 7.485 Loading class java/security/AccessControlException done
Event: 7.495 Loading class java/lang/invoke/MethodHandleImpl$BindCaller
Event: 7.496 Loading class java/lang/invoke/MethodHandleImpl$BindCaller done
Event: 7.496 Loading class java/lang/invoke/MethodHandleImpl$BindCaller$1
Event: 7.496 Loading class java/lang/invoke/MethodHandleImpl$BindCaller$1 done
Event: 7.497 Loading class java/lang/invoke/MethodHandleImpl$BindCaller$InjectedInvokerHolder
Event: 7.498 Loading class java/lang/invoke/MethodHandleImpl$BindCaller$InjectedInvokerHolder done
Event: 7.498 Loading class java/util/Collections$CopiesList
Event: 7.499 Loading class java/util/Collections$CopiesList done
Event: 7.501 Loading class java/util/LinkedList$ListItr

Classes unloaded (0 events):
No events

Classes redefined (0 events):
No events

Internal exceptions (20 events):
Event: 7.069 Thread 0x0000026539aac620 Implicit null exception at 0x0000026526bcaeba to 0x0000026526bcb10c
Event: 7.204 Thread 0x0000026539aac620 Exception <a 'java/lang/NoSuchMethodError'{0x000000008302c7c8}: 'void java.lang.invoke.DirectMethodHandle$Holder.invokeStaticInit(java.lang.Object, java.lang.Object, java.lang.Object, java.lang.Object)'> (0x000000008302c7c8) 
thrown [s\src\hotspot\share\interpreter\linkResolver.cpp, line 784]
Event: 7.232 Thread 0x0000026539aac620 Exception <a 'java/lang/NoSuchMethodError'{0x0000000082fc7180}: 'java.lang.Object java.lang.invoke.DirectMethodHandle$Holder.newInvokeSpecial(java.lang.Object, java.lang.Object, java.lang.Object, java.lang.Object, java.lang.Object, java.lang.Object, java.lang.Object, java.lang.Object, java.lang.Object)'> (0x0000000082fc7180) 
thrown [s\src\hotspot\share\interpreter\linkResolver.cpp, line 784]
Event: 7.236 Thread 0x0000026539aac620 Exception <a 'java/lang/NoSuchMethodError'{0x0000000082e16bb8}: 'java.lang.Object java.lang.invoke.DirectMethodHandle$Holder.invokeStaticInit(java.lang.Object, java.lang.Object, java.lang.Object)'> (0x0000000082e16bb8) 
thrown [s\src\hotspot\share\interpreter\linkResolver.cpp, line 784]
Event: 7.269 Thread 0x0000026539aac620 Exception <a 'java/lang/NoSuchMethodError'{0x0000000082df5e38}: 'java.lang.Object java.lang.invoke.DirectMethodHandle$Holder.newInvokeSpecial(java.lang.Object, java.lang.Object, java.lang.Object, java.lang.Object, java.lang.Object, java.lang.Object, java.lang.Object, java.lang.Object, java.lang.Object, java.lang.Object, java.lang.Object, java.lang.Object)'> (0x0000000082df5e38) 
thrown [s\src\hotspot\share\interpreter\linkResolver.cpp, line 784]
Event: 7.269 Thread 0x0000026539aac620 Exception <a 'java/lang/NoSuchMethodError'{0x0000000082dfb348}: 'java.lang.Object java.lang.invoke.Invokers$Holder.linkToTargetMethod(java.lang.Object, java.lang.Object, java.lang.Object, java.lang.Object, java.lang.Object, java.lang.Object, java.lang.Object, java.lang.Object, java.lang.Object, java.lang.Object, java.lang.Object, java.lang.Object)'> (0x0000000082dfb348) 
thrown [s\src\hotspot\share\interpreter\linkResolver.cpp, line 784]
Event: 7.278 Thread 0x0000026539aac620 Exception <a 'java/lang/NoSuchMethodError'{0x0000000082c61b50}: 'java.lang.Object java.lang.invoke.DirectMethodHandle$Holder.newInvokeSpecial(java.lang.Object, java.lang.Object, java.lang.Object, java.lang.Object, java.lang.Object, java.lang.Object, java.lang.Object, java.lang.Object, java.lang.Object, java.lang.Object, java.lang.Object, java.lang.Object, java.lang.Object, java.lang.Object, java.lang.Object)'> (0x0000000082c61b50) 
thrown [s\src\hotspot\share\interpreter\linkResolver.cpp, line 784]
Event: 7.278 Thread 0x0000026539aac620 Exception <a 'java/lang/NoSuchMethodError'{0x0000000082c67fa0}: 'java.lang.Object java.lang.invoke.DirectMethodHandle$Holder.invokeSpecial(java.lang.Object, java.lang.Object, java.lang.Object, java.lang.Object, java.lang.Object, java.lang.Object, java.lang.Object, java.lang.Object, java.lang.Object, java.lang.Object, java.lang.Object, java.lang.Object, java.lang.Object, java.lang.Object, java.lang.Object, java.lang.Object)'> (0x0000000082c67fa0) 
thrown [s\src\hotspot\share\interpreter\linkResolver.cpp, li
Event: 7.278 Thread 0x0000026539aac620 Exception <a 'java/lang/NoSuchMethodError'{0x0000000082c6d220}: 'java.lang.Object java.lang.invoke.DelegatingMethodHandle$Holder.reinvoke_L(java.lang.Object, java.lang.Object, java.lang.Object, java.lang.Object, java.lang.Object, java.lang.Object, java.lang.Object, java.lang.Object, java.lang.Object, java.lang.Object, java.lang.Object, java.lang.Object, java.lang.Object, java.lang.Object, java.lang.Object)'> (0x0000000082c6d220) 
thrown [s\src\hotspot\share\interpreter\linkResolver.cpp, line 784]
Event: 7.296 Thread 0x0000026539aac620 Exception <a 'java/lang/NoSuchMethodError'{0x0000000082bd89b8}: 'java.lang.Object java.lang.invoke.DelegatingMethodHandle$Holder.reinvoke_L(java.lang.Object, java.lang.Object, java.lang.Object, java.lang.Object, java.lang.Object, java.lang.Object, java.lang.Object, java.lang.Object, java.lang.Object, java.lang.Object, java.lang.Object, java.lang.Object, java.lang.Object, java.lang.Object, java.lang.Object, java.lang.Object, java.lang.Object, java.lang.Object, java.lang.Object, java.lang.Object, java.lang.O
Event: 7.300 Thread 0x0000026539aac620 Exception <a 'java/lang/NoSuchMethodError'{0x0000000082ab7390}: 'java.lang.Object java.lang.invoke.DirectMethodHandle$Holder.invokeStatic(java.lang.Object, java.lang.Object, java.lang.Object, java.lang.Object, java.lang.Object, java.lang.Object, java.lang.Object, java.lang.Object, java.lang.Object, java.lang.Object, java.lang.Object, java.lang.Object, java.lang.Object, java.lang.Object, java.lang.Object, java.lang.Object, java.lang.Object, java.lang.Object, java.lang.Object, java.lang.Object, java.lang.Obj
Event: 7.301 Thread 0x0000026539aac620 Exception <a 'java/lang/NoSuchMethodError'{0x0000000082aebfc8}: 'java.lang.Object java.lang.invoke.DirectMethodHandle$Holder.invokeStatic(java.lang.Object, java.lang.Object, java.lang.Object, java.lang.Object, java.lang.Object, java.lang.Object, java.lang.Object, java.lang.Object, java.lang.Object, java.lang.Object, java.lang.Object, java.lang.Object, java.lang.Object, java.lang.Object, java.lang.Object, java.lang.Object, java.lang.Object, java.lang.Object, java.lang.Object, java.lang.Object, java.lang.Obj
Event: 7.302 Thread 0x0000026539aac620 Exception <a 'java/lang/NoSuchMethodError'{0x0000000082923ca0}: 'java.lang.Object java.lang.invoke.DirectMethodHandle$Holder.invokeStatic(java.lang.Object, java.lang.Object, java.lang.Object, java.lang.Object, java.lang.Object, java.lang.Object, java.lang.Object, java.lang.Object, java.lang.Object, java.lang.Object, java.lang.Object, java.lang.Object, java.lang.Object, java.lang.Object, java.lang.Object, java.lang.Object, java.lang.Object, java.lang.Object, java.lang.Object, java.lang.Object, java.lang.Obj
Event: 7.312 Thread 0x0000026539aac620 Exception <a 'java/lang/NoSuchMethodError'{0x00000000829b3260}: 'java.lang.Object java.lang.invoke.DirectMethodHandle$Holder.newInvokeSpecial(java.lang.Object, java.lang.Object, java.lang.Object, java.lang.Object, java.lang.Object, java.lang.Object, java.lang.Object, java.lang.Object, java.lang.Object, java.lang.Object, java.lang.Object, java.lang.Object, java.lang.Object, java.lang.Object, java.lang.Object, java.lang.Object, java.lang.Object, java.lang.Object, java.lang.Object)'> (0x00000000829b3260) 
thr
Event: 7.313 Thread 0x0000026539aac620 Exception <a 'java/lang/NoSuchMethodError'{0x00000000829b9c30}: 'java.lang.Object java.lang.invoke.DirectMethodHandle$Holder.invokeSpecial(java.lang.Object, java.lang.Object, java.lang.Object, java.lang.Object, java.lang.Object, java.lang.Object, java.lang.Object, java.lang.Object, java.lang.Object, java.lang.Object, java.lang.Object, java.lang.Object, java.lang.Object, java.lang.Object, java.lang.Object, java.lang.Object, java.lang.Object, java.lang.Object, java.lang.Object, java.lang.Object)'> (0x0000000
Event: 7.313 Thread 0x0000026539aac620 Exception <a 'java/lang/NoSuchMethodError'{0x00000000829bf480}: 'java.lang.Object java.lang.invoke.DelegatingMethodHandle$Holder.reinvoke_L(java.lang.Object, java.lang.Object, java.lang.Object, java.lang.Object, java.lang.Object, java.lang.Object, java.lang.Object, java.lang.Object, java.lang.Object, java.lang.Object, java.lang.Object, java.lang.Object, java.lang.Object, java.lang.Object, java.lang.Object, java.lang.Object, java.lang.Object, java.lang.Object, java.lang.Object)'> (0x00000000829bf480) 
throw
Event: 7.496 Thread 0x0000026539aac620 Implicit null exception at 0x0000026526c61e34 to 0x0000026526c62354
Event: 7.496 Thread 0x0000026539aac620 Implicit null exception at 0x0000026526bc15c4 to 0x0000026526bc2a88
Event: 7.496 Thread 0x0000026539aac620 Implicit null exception at 0x0000026526b585b0 to 0x0000026526b58e74
Event: 7.497 Thread 0x0000026539aac620 Exception <a 'java/lang/NoSuchMethodError'{0x0000000081fe3ac8}: 'java.lang.reflect.Method[] java.lang.Class.getDeclaredMethods(java.lang.Class)'> (0x0000000081fe3ac8) 
thrown [s\src\hotspot\share\interpreter\linkResolver.cpp, line 784]

ZGC Phase Switch (0 events):
No events

VM Operations (20 events):
Event: 5.743 Executing VM operation: G1CollectForAllocation (G1 Evacuation Pause) done
Event: 6.590 Executing VM operation: HandshakeAllThreads (Deoptimize)
Event: 6.590 Executing VM operation: HandshakeAllThreads (Deoptimize) done
Event: 6.732 Executing VM operation: G1CollectForAllocation (G1 Evacuation Pause)
Event: 6.736 Executing VM operation: G1CollectForAllocation (G1 Evacuation Pause) done
Event: 6.772 Executing VM operation: CollectForMetadataAllocation (Metadata GC Threshold)
Event: 6.777 Executing VM operation: CollectForMetadataAllocation (Metadata GC Threshold) done
Event: 6.788 Executing VM operation: G1PauseRemark
Event: 6.791 Executing VM operation: G1PauseRemark done
Event: 6.796 Executing VM operation: G1PauseCleanup
Event: 6.797 Executing VM operation: G1PauseCleanup done
Event: 7.072 Executing VM operation: HandshakeAllThreads (Deoptimize)
Event: 7.073 Executing VM operation: HandshakeAllThreads (Deoptimize) done
Event: 7.221 Executing VM operation: HandshakeAllThreads (Deoptimize)
Event: 7.221 Executing VM operation: HandshakeAllThreads (Deoptimize) done
Event: 7.354 Executing VM operation: ICBufferFull
Event: 7.354 Executing VM operation: ICBufferFull done
Event: 7.486 Executing VM operation: HandshakeAllThreads (Deoptimize)
Event: 7.486 Executing VM operation: HandshakeAllThreads (Deoptimize) done
Event: 7.501 Executing VM operation: G1CollectForAllocation (G1 Evacuation Pause)

Memory protections (0 events):
No events

Nmethod flushes (20 events):
Event: 6.790 Thread 0x000002653360d6c0 flushing  nmethod 0x000002651f1a3510
Event: 6.790 Thread 0x000002653360d6c0 flushing  nmethod 0x000002651f1a5310
Event: 6.790 Thread 0x000002653360d6c0 flushing  nmethod 0x000002651f1de010
Event: 6.790 Thread 0x000002653360d6c0 flushing  nmethod 0x000002651f1dec10
Event: 6.790 Thread 0x000002653360d6c0 flushing  nmethod 0x000002651f20e410
Event: 6.790 Thread 0x000002653360d6c0 flushing  nmethod 0x000002651f20e890
Event: 6.790 Thread 0x000002653360d6c0 flushing  nmethod 0x000002651f215490
Event: 6.790 Thread 0x000002653360d6c0 flushing  nmethod 0x000002651f219790
Event: 6.790 Thread 0x000002653360d6c0 flushing  nmethod 0x000002651f241f10
Event: 6.790 Thread 0x000002653360d6c0 flushing  nmethod 0x000002651f242990
Event: 6.790 Thread 0x000002653360d6c0 flushing  nmethod 0x000002651f291610
Event: 6.790 Thread 0x000002653360d6c0 flushing  nmethod 0x000002651f291990
Event: 6.790 Thread 0x000002653360d6c0 flushing  nmethod 0x000002651f299810
Event: 6.790 Thread 0x000002653360d6c0 flushing  nmethod 0x000002651f2e3410
Event: 6.790 Thread 0x000002653360d6c0 flushing  nmethod 0x000002651f2e4b90
Event: 6.790 Thread 0x000002653360d6c0 flushing  nmethod 0x000002651f31bb10
Event: 6.790 Thread 0x000002653360d6c0 flushing  nmethod 0x000002651f31c910
Event: 6.790 Thread 0x000002653360d6c0 flushing  nmethod 0x000002651f320190
Event: 6.790 Thread 0x000002653360d6c0 flushing  nmethod 0x000002651f320510
Event: 6.790 Thread 0x000002653360d6c0 flushing  nmethod 0x000002651f3b7190

Events (20 events):
Event: 4.033 Thread 0x000002651bf0c510 Thread added: 0x00000265398a3640
Event: 4.138 Thread 0x000002651bf0c510 Thread added: 0x00000265398889d0
Event: 4.300 Thread 0x00000265398a3640 Thread added: 0x0000026539b564c0
Event: 4.304 Thread 0x0000026539b564c0 Thread added: 0x0000026539b56b20
Event: 4.344 Thread 0x0000026539b564c0 Thread added: 0x0000026539ab5660
Event: 4.355 Thread 0x0000026539b564c0 Thread added: 0x0000026539aac620
Event: 4.367 Thread 0x0000026539aac620 Thread added: 0x0000026539b02b80
Event: 4.372 Thread 0x0000026539aac620 Thread added: 0x0000026539b05530
Event: 4.377 Thread 0x0000026539aac620 Thread added: 0x0000026539b05bc0
Event: 4.938 Thread 0x0000026539aac620 Thread added: 0x0000026539b06f70
Event: 4.954 Thread 0x0000026539aac620 Thread added: 0x0000026539b07600
Event: 4.994 Thread 0x0000026539aac620 Thread added: 0x0000026539b068e0
Event: 5.852 Thread 0x0000026539aac620 Thread added: 0x0000026539b06250
Event: 6.225 Thread 0x0000026539aac620 Thread added: 0x0000026539b04180
Event: 6.248 Thread 0x0000026539aac620 Thread added: 0x0000026539b04810
Event: 6.534 Thread 0x0000026539aac620 Thread added: 0x0000026539b04ea0
Event: 6.545 Thread 0x0000026539aac620 Thread added: 0x000002653b1d8750
Event: 6.972 Thread 0x0000026539aac620 Thread added: 0x000002653b1d9b00
Event: 7.153 Thread 0x0000026539aac620 Thread added: 0x000002653b1d73a0
Event: 7.274 Thread 0x0000026539aac620 Thread added: 0x000002653b1d6680


Dynamic libraries:
0x00007ff79e600000 - 0x00007ff79e60a000 	C:\Program Files\Android\Android Studio1\jbr\bin\java.exe
0x00007ff8b2310000 - 0x00007ff8b2527000 	C:\Windows\SYSTEM32\ntdll.dll
0x00007ff8b0bb0000 - 0x00007ff8b0c74000 	C:\Windows\System32\KERNEL32.DLL
0x00007ff8af6f0000 - 0x00007ff8afac3000 	C:\Windows\System32\KERNELBASE.dll
0x00007ff8afb50000 - 0x00007ff8afc61000 	C:\Windows\System32\ucrtbase.dll
0x00007ff89e760000 - 0x00007ff89e778000 	C:\Program Files\Android\Android Studio1\jbr\bin\jli.dll
0x00007ff886e90000 - 0x00007ff886eab000 	C:\Program Files\Android\Android Studio1\jbr\bin\VCRUNTIME140.dll
0x00007ff8b16e0000 - 0x00007ff8b1891000 	C:\Windows\System32\USER32.dll
0x00007ff89b2c0000 - 0x00007ff89b55b000 	C:\Windows\WinSxS\amd64_microsoft.windows.common-controls_6595b64144ccf1df_6.0.22621.5262_none_2712bde373830908\COMCTL32.dll
0x00007ff8af560000 - 0x00007ff8af586000 	C:\Windows\System32\win32u.dll
0x00007ff8b0830000 - 0x00007ff8b08d7000 	C:\Windows\System32\msvcrt.dll
0x00007ff8b05e0000 - 0x00007ff8b0609000 	C:\Windows\System32\GDI32.dll
0x00007ff8af5c0000 - 0x00007ff8af6e2000 	C:\Windows\System32\gdi32full.dll
0x00007ff8af4c0000 - 0x00007ff8af55a000 	C:\Windows\System32\msvcp_win.dll
0x00007ff8b2220000 - 0x00007ff8b2251000 	C:\Windows\System32\IMM32.DLL
0x00007ff89d570000 - 0x00007ff89d57c000 	C:\Program Files\Android\Android Studio1\jbr\bin\vcruntime140_1.dll
0x00007ff87b590000 - 0x00007ff87b61d000 	C:\Program Files\Android\Android Studio1\jbr\bin\msvcp140.dll
0x00007ff817780000 - 0x00007ff81840b000 	C:\Program Files\Android\Android Studio1\jbr\bin\server\jvm.dll
0x00007ff8b1ee0000 - 0x00007ff8b1f91000 	C:\Windows\System32\ADVAPI32.dll
0x00007ff8b19b0000 - 0x00007ff8b1a57000 	C:\Windows\System32\sechost.dll
0x00007ff8af590000 - 0x00007ff8af5b8000 	C:\Windows\System32\bcrypt.dll
0x00007ff8b04b0000 - 0x00007ff8b05c4000 	C:\Windows\System32\RPCRT4.dll
0x00007ff8b21a0000 - 0x00007ff8b2211000 	C:\Windows\System32\WS2_32.dll
0x00007ff8af120000 - 0x00007ff8af16d000 	C:\Windows\SYSTEM32\POWRPROF.dll
0x00007ff8aaca0000 - 0x00007ff8aacd4000 	C:\Windows\SYSTEM32\WINMM.dll
0x00007ff8a5500000 - 0x00007ff8a550a000 	C:\Windows\SYSTEM32\VERSION.dll
0x00007ff8af100000 - 0x00007ff8af113000 	C:\Windows\SYSTEM32\UMPDC.dll
0x00007ff8ae420000 - 0x00007ff8ae438000 	C:\Windows\SYSTEM32\kernel.appcore.dll
0x00007ff89d3e0000 - 0x00007ff89d3ea000 	C:\Program Files\Android\Android Studio1\jbr\bin\jimage.dll
0x00007ff8ac4d0000 - 0x00007ff8ac702000 	C:\Windows\SYSTEM32\DBGHELP.DLL
0x00007ff8affa0000 - 0x00007ff8b0333000 	C:\Windows\System32\combase.dll
0x00007ff8b08e0000 - 0x00007ff8b09b7000 	C:\Windows\System32\OLEAUT32.dll
0x00007ff89a040000 - 0x00007ff89a072000 	C:\Windows\SYSTEM32\dbgcore.DLL
0x00007ff8afde0000 - 0x00007ff8afe5b000 	C:\Windows\System32\bcryptPrimitives.dll
0x00007ff89e750000 - 0x00007ff89e75e000 	C:\Program Files\Android\Android Studio1\jbr\bin\instrument.dll
0x00007ff883e40000 - 0x00007ff883e60000 	C:\Program Files\Android\Android Studio1\jbr\bin\java.dll
0x00007ff881410000 - 0x00007ff881428000 	C:\Program Files\Android\Android Studio1\jbr\bin\zip.dll
0x00007ff8b0c80000 - 0x00007ff8b151d000 	C:\Windows\System32\SHELL32.dll
0x00007ff8afe60000 - 0x00007ff8aff9f000 	C:\Windows\System32\wintypes.dll
0x00007ff8ad2f0000 - 0x00007ff8adc0d000 	C:\Windows\SYSTEM32\windows.storage.dll
0x00007ff8b0350000 - 0x00007ff8b045b000 	C:\Windows\System32\SHCORE.dll
0x00007ff8b0610000 - 0x00007ff8b0676000 	C:\Windows\System32\shlwapi.dll
0x00007ff8af330000 - 0x00007ff8af35b000 	C:\Windows\SYSTEM32\profapi.dll
0x00007ff89cf70000 - 0x00007ff89cf80000 	C:\Program Files\Android\Android Studio1\jbr\bin\net.dll
0x00007ff8abbf0000 - 0x00007ff8abd1c000 	C:\Windows\SYSTEM32\WINHTTP.dll
0x00007ff8ae8c0000 - 0x00007ff8ae92a000 	C:\Windows\system32\mswsock.dll
0x00007ff880b80000 - 0x00007ff880b96000 	C:\Program Files\Android\Android Studio1\jbr\bin\nio.dll
0x00007ff8aa8d0000 - 0x00007ff8aa8e0000 	C:\Program Files\Android\Android Studio1\jbr\bin\verify.dll
0x00007ff890230000 - 0x00007ff890257000 	C:\Users\licen\.gradle\native\c067742578af261105cb4f569cf0c3c89f3d7b1fecec35dd04571415982c5e48\windows-amd64\native-platform.dll
0x00007ff86c990000 - 0x00007ff86cad4000 	C:\Users\licen\.gradle\native\100fb08df4bc3b14c8652ba06237920a3bd2aa13389f12d3474272988ae205f9\windows-amd64\native-platform-file-events.dll
0x00007ff89ada0000 - 0x00007ff89ada9000 	C:\Program Files\Android\Android Studio1\jbr\bin\management.dll
0x00007ff896f60000 - 0x00007ff896f6b000 	C:\Program Files\Android\Android Studio1\jbr\bin\management_ext.dll
0x00007ff8b05d0000 - 0x00007ff8b05d8000 	C:\Windows\System32\PSAPI.DLL
0x00007ff8aeb10000 - 0x00007ff8aeb2b000 	C:\Windows\SYSTEM32\CRYPTSP.dll
0x00007ff8ae370000 - 0x00007ff8ae3a7000 	C:\Windows\system32\rsaenh.dll
0x00007ff8ae9b0000 - 0x00007ff8ae9d8000 	C:\Windows\SYSTEM32\USERENV.dll
0x00007ff8af0d0000 - 0x00007ff8af0dc000 	C:\Windows\SYSTEM32\CRYPTBASE.dll
0x00007ff8adeb0000 - 0x00007ff8adedd000 	C:\Windows\SYSTEM32\IPHLPAPI.DLL
0x00007ff8b1540000 - 0x00007ff8b1549000 	C:\Windows\System32\NSI.dll
0x00007ff89cdf0000 - 0x00007ff89cdf9000 	C:\Program Files\Android\Android Studio1\jbr\bin\extnet.dll
0x00007ff8500c0000 - 0x00007ff8500c8000 	C:\Windows\system32\wshunix.dll

dbghelp: loaded successfully - version: 4.0.5 - missing functions: none
symbol engine: initialized successfully - sym options: 0x614 - pdb path: .;C:\Program Files\Android\Android Studio1\jbr\bin;C:\Windows\SYSTEM32;C:\Windows\WinSxS\amd64_microsoft.windows.common-controls_6595b64144ccf1df_6.0.22621.5262_none_2712bde373830908;C:\Program Files\Android\Android Studio1\jbr\bin\server;C:\Users\licen\.gradle\native\c067742578af261105cb4f569cf0c3c89f3d7b1fecec35dd04571415982c5e48\windows-amd64;C:\Users\licen\.gradle\native\100fb08df4bc3b14c8652ba06237920a3bd2aa13389f12d3474272988ae205f9\windows-amd64

VM Arguments:
jvm_args: --add-opens=java.base/java.lang=ALL-UNNAMED --add-opens=java.base/java.lang.invoke=ALL-UNNAMED --add-opens=java.base/java.util=ALL-UNNAMED --add-opens=java.prefs/java.util.prefs=ALL-UNNAMED --add-exports=jdk.compiler/com.sun.tools.javac.api=ALL-UNNAMED --add-exports=jdk.compiler/com.sun.tools.javac.util=ALL-UNNAMED --add-opens=java.base/java.util=ALL-UNNAMED --add-opens=java.prefs/java.util.prefs=ALL-UNNAMED --add-opens=java.base/java.nio.charset=ALL-UNNAMED --add-opens=java.base/java.net=ALL-UNNAMED --add-opens=java.base/java.util.concurrent.atomic=ALL-UNNAMED --add-opens=java.xml/javax.xml.namespace=ALL-UNNAMED -Xmx2048m -Dfile.encoding=UTF-8 -Duser.country=ID -Duser.language=en -Duser.variant -javaagent:C:\Users\licen\.gradle\wrapper\dists\gradle-8.11.1-bin\bpt9gzteqjrbo1mjrsomdt32c\gradle-8.11.1\lib\agents\gradle-instrumentation-agent-8.11.1.jar 
java_command: org.gradle.launcher.daemon.bootstrap.GradleDaemon 8.11.1
java_class_path (initial): C:\Users\licen\.gradle\wrapper\dists\gradle-8.11.1-bin\bpt9gzteqjrbo1mjrsomdt32c\gradle-8.11.1\lib\gradle-daemon-main-8.11.1.jar
Launcher Type: SUN_STANDARD

[Global flags]
     intx CICompilerCount                          = 4                                         {product} {ergonomic}
     uint ConcGCThreads                            = 2                                         {product} {ergonomic}
     uint G1ConcRefinementThreads                  = 8                                         {product} {ergonomic}
   size_t G1HeapRegionSize                         = 1048576                                   {product} {ergonomic}
    uintx GCDrainStackTargetSize                   = 64                                        {product} {ergonomic}
   size_t InitialHeapSize                          = 96468992                                  {product} {ergonomic}
   size_t MarkStackSize                            = 4194304                                   {product} {ergonomic}
   size_t MaxHeapSize                              = 2147483648                                {product} {command line}
   size_t MaxNewSize                               = 1287651328                                {product} {ergonomic}
   size_t MinHeapDeltaBytes                        = 1048576                                   {product} {ergonomic}
   size_t MinHeapSize                              = 8388608                                   {product} {ergonomic}
    uintx NonNMethodCodeHeapSize                   = 5839372                                {pd product} {ergonomic}
    uintx NonProfiledCodeHeapSize                  = 122909434                              {pd product} {ergonomic}
    uintx ProfiledCodeHeapSize                     = 122909434                              {pd product} {ergonomic}
    uintx ReservedCodeCacheSize                    = 251658240                              {pd product} {ergonomic}
     bool SegmentedCodeCache                       = true                                      {product} {ergonomic}
   size_t SoftMaxHeapSize                          = 2147483648                             {manageable} {ergonomic}
     bool UseCompressedOops                        = true                           {product lp64_product} {ergonomic}
     bool UseG1GC                                  = true                                      {product} {ergonomic}
     bool UseLargePagesIndividualAllocation        = false                                  {pd product} {ergonomic}

Logging:
Log output configuration:
 #0: stdout all=warning uptime,level,tags foldmultilines=false
 #1: stderr all=off uptime,level,tags foldmultilines=false

Environment Variables:
PATH=C:\Windows\system32;C:\Windows;C:\Windows\System32\Wbem;C:\Windows\System32\WindowsPowerShell\v1.0\;C:\Windows\System32\OpenSSH\;C:\xampp\php;C:\ProgramData\ComposerSetup\bin;C:\Program Files\Git\cmd;C:\Users\licen\AppData\Local\Microsoft\WindowsApps;C:\ProgramData\Marga Nusantara Jaya\GitHubDesktop\bin;C:\Users\licen\AppData\Local\GitHubDesktop\bin;C:\Users\licen\AppData\Local\Programs\Microsoft VS Code\bin;C:\Users\licen\AppData\Roaming\Composer\vendor\bin
USERNAME=Marga Nusantara Jaya
OS=Windows_NT
PROCESSOR_IDENTIFIER=AMD64 Family 23 Model 160 Stepping 0, AuthenticAMD
TMP=C:\Users\licen\AppData\Local\Temp
TEMP=C:\Users\licen\AppData\Local\Temp




Periodic native trim disabled

JNI global refs:
JNI global refs: 24, weak refs: 0

JNI global refs memory usage: 835, weak refs: 833

Process memory usage:
Resident Set Size: 214812K (3% of 6018300K total physical memory with 271908K free physical memory)

OOME stack traces (most recent first):
Classloader memory used:
Loader bootstrap                                                                       : 18364K
Loader org.gradle.internal.classloader.VisitableURLClassLoader                         : 17832K
Loader org.gradle.initialization.MixInLegacyTypesClassLoader                           : 4171K
Loader jdk.internal.loader.ClassLoaders$AppClassLoader                                 : 234K
Loader jdk.internal.loader.ClassLoaders$PlatformClassLoader                            : 114K

Classes loaded by more than one classloader:
Class org.gradle.internal.classloader.FilteringClassLoader                            : loaded 2 times (x 101B)
Class org.gradle.internal.classloader.ClassLoaderHierarchy                            : loaded 2 times (x 66B)
Class org.gradle.api.internal.classpath.ManifestUtil                                  : loaded 2 times (x 67B)
Class org.gradle.internal.classloader.DefaultClassLoaderFactory                       : loaded 2 times (x 78B)
Class org.gradle.internal.classloader.ClassLoaderVisitor                              : loaded 2 times (x 72B)
Class org.gradle.api.internal.classpath.EffectiveClassPath                            : loaded 2 times (x 86B)
Class org.gradle.api.internal.DefaultClassPathProvider                                : loaded 2 times (x 72B)
Class [Lorg.gradle.api.internal.ClassPathProvider;                                    : loaded 2 times (x 65B)
Class org.gradle.api.internal.ClassPathProvider                                       : loaded 2 times (x 66B)
Class org.gradle.internal.service.UnknownServiceException                             : loaded 2 times (x 79B)
Class org.gradle.internal.classpath.TransformedClassPath                              : loaded 2 times (x 92B)
Class org.gradle.internal.classloader.InstrumentingClassLoader                        : loaded 2 times (x 66B)
Class org.gradle.internal.service.ServiceLocator                                      : loaded 2 times (x 66B)
Class org.gradle.internal.InternalTransformer                                         : loaded 2 times (x 66B)
Class org.gradle.internal.classloader.ClasspathUtil$1                                 : loaded 2 times (x 72B)
Class org.gradle.api.internal.classpath.DefaultModuleRegistry$DefaultModule           : loaded 2 times (x 82B)
Class org.gradle.api.internal.classpath.Module                                        : loaded 2 times (x 66B)
Class org.gradle.api.internal.classpath.UnknownModuleException                        : loaded 2 times (x 78B)
Class org.gradle.api.internal.DefaultClassPathRegistry                                : loaded 2 times (x 72B)
Class org.gradle.api.internal.ClassPathRegistry                                       : loaded 2 times (x 66B)
Class org.gradle.internal.classpath.DefaultClassPath$ImmutableUniqueList              : loaded 2 times (x 195B)
Class org.gradle.internal.classpath.ClassPath                                         : loaded 2 times (x 66B)
Class org.gradle.api.UncheckedIOException                                             : loaded 2 times (x 78B)
Class org.gradle.internal.installation.GradleInstallation$1                           : loaded 2 times (x 71B)
Class org.gradle.api.internal.classpath.ModuleRegistry                                : loaded 2 times (x 66B)
Class org.gradle.api.internal.classpath.DefaultModuleRegistry                         : loaded 2 times (x 82B)
Class org.gradle.internal.service.ServiceLookupException                              : loaded 2 times (x 78B)
Class org.gradle.internal.classloader.ClassLoaderFactory                              : loaded 2 times (x 66B)
Class org.gradle.internal.service.CachingServiceLocator                               : loaded 2 times (x 78B)
Class org.gradle.internal.classloader.ClasspathUtil                                   : loaded 2 times (x 67B)
Class org.gradle.api.specs.Spec                                                       : loaded 2 times (x 66B)
Class org.gradle.internal.classloader.VisitableURLClassLoader$InstrumentingVisitableURLClassLoader: loaded 2 times (x 119B)
Class org.gradle.internal.classloader.VisitableURLClassLoader$Spec                    : loaded 2 times (x 70B)
Class org.gradle.internal.classpath.DefaultClassPath                                  : loaded 2 times (x 86B)
Class org.gradle.internal.classloader.ClassLoaderSpec                                 : loaded 2 times (x 67B)
Class org.gradle.internal.classloader.VisitableURLClassLoader                         : loaded 2 times (x 113B)
Class org.gradle.internal.Cast                                                        : loaded 2 times (x 67B)
Class org.gradle.api.Action                                                           : loaded 2 times (x 66B)
Class org.gradle.internal.classpath.DefaultClassPath$ImmutableUniqueList$Builder      : loaded 2 times (x 71B)
Class org.gradle.api.GradleException                                                  : loaded 2 times (x 78B)
Class org.gradle.internal.IoActions                                                   : loaded 2 times (x 67B)
Class org.gradle.internal.classloader.SystemClassLoaderSpec                           : loaded 2 times (x 67B)
Class org.gradle.api.internal.classpath.GlobalCacheRootsProvider                      : loaded 2 times (x 66B)
Class org.gradle.internal.installation.CurrentGradleInstallationLocator               : loaded 2 times (x 67B)
Class org.gradle.internal.service.DefaultServiceLocator                               : loaded 2 times (x 79B)
Class org.gradle.internal.installation.CurrentGradleInstallation                      : loaded 2 times (x 69B)
Class org.gradle.util.internal.GUtil                                                  : loaded 2 times (x 67B)
Class org.gradle.internal.installation.GradleInstallation                             : loaded 2 times (x 71B)

---------------  S Y S T E M  ---------------

OS:
 Windows 11 , 64 bit Build 22621 (10.0.22621.5262)
OS uptime: 8 days 2:41 hours
Hyper-V role detected

CPU: total 8 (initial active 8) (8 cores per cpu, 2 threads per core) family 23 model 160 stepping 0 microcode 0x0, cx8, cmov, fxsr, ht, mmx, 3dnowpref, sse, sse2, sse3, ssse3, sse4a, sse4.1, sse4.2, popcnt, lzcnt, tsc, tscinvbit, avx, avx2, aes, clmul, bmi1, bmi2, adx, sha, fma, vzeroupper, clflush, clflushopt, hv, rdtscp, rdpid, f16c
Processor Information for the first 8 processors :
  Max Mhz: 2801, Current Mhz: 2801, Mhz Limit: 2801

Memory: 4k page, system-wide physical 5877M (265M free)
TotalPageFile size 24309M (AvailPageFile size 0M)
current process WorkingSet (physical memory assigned to process): 209M, peak: 209M
current process commit charge ("private bytes"): 249M, peak: 266M

vm_info: OpenJDK 64-Bit Server VM (21.0.6+-13368085-b895.109) for windows-amd64 JRE (21.0.6+-13368085-b895.109), built on 2025-04-16T17:01:31Z by "builder" with MS VC++ 16.10 / 16.11 (VS2019)

END.
