#
# There is insufficient memory for the Java Runtime Environment to continue.
# Native memory allocation (mmap) failed to map 264241152 bytes. Error detail: G1 virtual space
# Possible reasons:
#   The system is out of physical RAM or swap space
#   This process is running with CompressedOops enabled, and the Java Heap may be blocking the growth of the native heap
# Possible solutions:
#   Reduce memory load on the system
#   Increase physical memory or swap space
#   Check if swap backing store is full
#   Decrease Java heap size (-Xmx/-Xms)
#   Decrease number of Java threads
#   Decrease Java thread stack sizes (-Xss)
#   Set larger code cache with -XX:ReservedCodeCacheSize=
#   JVM is running with Zero Based Compressed Oops mode in which the Java heap is
#     placed in the first 32GB address space. The Java Heap base address is the
#     maximum limit for the native heap growth. Please use -XX:HeapBaseMinAddress
#     to set the Java Heap base and to place the Java Heap above 32GB virtual address.
# This output file may be truncated or incomplete.
#
#  Out of Memory Error (os_windows.cpp:3898), pid=17588, tid=18004
#
# JRE version:  (21.0.6) (build )
# Java VM: OpenJDK 64-Bit Server VM (21.0.6+-13368085-b895.109, mixed mode, sharing, tiered, compressed oops, compressed class ptrs, g1 gc, windows-amd64)
# No core dump will be written. Minidumps are not enabled by default on client versions of Windows
#

---------------  S U M M A R Y ------------

Command Line: git4idea.http.GitAskPassApp Username for 'https://github.com': 

Host: 13th Gen Intel(R) Core(TM) i7-1355U, 12 cores, 15G,  Windows 11 , 64 bit Build 22621 (10.0.22621.5415)
Time: Fri Jul  4 20:12:17 2025 SE Asia Standard Time elapsed time: 0.031618 seconds (0d 0h 0m 0s)

---------------  T H R E A D  ---------------

Current thread (0x000002738d522030):  JavaThread "Unknown thread" [_thread_in_vm, id=18004, stack(0x000000935a800000,0x000000935a900000) (1024K)]

Stack: [0x000000935a800000,0x000000935a900000]
Native frames: (J=compiled Java code, j=interpreted, Vv=VM code, C=native code)
V  [jvm.dll+0x6d0639]
V  [jvm.dll+0x85eb03]
V  [jvm.dll+0x86105e]
V  [jvm.dll+0x861743]
V  [jvm.dll+0x27e6e6]
V  [jvm.dll+0x6ccfd5]
V  [jvm.dll+0x6c0a8a]
V  [jvm.dll+0x35537b]
V  [jvm.dll+0x35cfd6]
V  [jvm.dll+0x3aef86]
V  [jvm.dll+0x3af258]
V  [jvm.dll+0x327a2c]
V  [jvm.dll+0x32871b]
V  [jvm.dll+0x826549]
V  [jvm.dll+0x3bc158]
V  [jvm.dll+0x80f7f8]
V  [jvm.dll+0x45035e]
V  [jvm.dll+0x451ac1]
C  [jli.dll+0x52ab]
C  [ucrtbase.dll+0x29333]
C  [KERNEL32.DLL+0x1259d]
C  [ntdll.dll+0x5af78]


---------------  P R O C E S S  ---------------

Threads class SMR info:
_java_thread_list=0x00007ff8e0481848, length=0, elements={
}

Java Threads: ( => current thread )
Total: 0

Other Threads:
  0x000002738d50fa70 WorkerThread "GC Thread#0"                     [id=21004, stack(0x000000935a900000,0x000000935aa00000) (1024K)]
  0x000002738f952a40 ConcurrentGCThread "G1 Main Marker"            [id=13124, stack(0x000000935aa00000,0x000000935ab00000) (1024K)]
  0x000002738d50e850 WorkerThread "G1 Conc#0"                       [id=21980, stack(0x000000935ab00000,0x000000935ac00000) (1024K)]

[error occurred during error reporting (printing all threads), id 0xc0000005, EXCEPTION_ACCESS_VIOLATION (0xc0000005) at pc=0x00007ff8dfc7aa87]
VM state: not at safepoint (not fully initialized)

VM Mutex/Monitor currently owned by a thread:  ([mutex/lock_event])
[0x00007ff8e04ee4a0] Heap_lock - owner thread: 0x000002738d522030

Heap address: 0x0000000704800000, size: 4024 MB, Compressed Oops mode: Zero based, Oop shift amount: 3

CDS archive(s) mapped at: [0x0000000000000000-0x0000000000000000-0x0000000000000000), size 0, SharedBaseAddress: 0x0000000800000000, ArchiveRelocationMode: 1.
Narrow klass base: 0x0000000000000000, Narrow klass shift: 0, Narrow klass range: 0x0

GC Precious Log:
 CardTable entry size: 512
 Card Set container configuration: InlinePtr #cards 4 size 8 Array Of Cards #cards 16 size 48 Howl #buckets 8 coarsen threshold 3686 Howl Bitmap #cards 512 size 80 coarsen threshold 460 Card regions per heap region 1 cards per card region 4096

Heap:
 garbage-first heap   total 0K, used 0K [0x0000000704800000, 0x0000000800000000)
  region size 2048K, 0 young (0K), 0 survivors (0K)
 Metaspace       used 0K, committed 0K, reserved 0K
  class space    used 0K, committed 0K, reserved 0K

Heap Regions: E=young(eden), S=young(survivor), O=old, HS=humongous(starts), HC=humongous(continues), CS=collection set, F=free, TAMS=top-at-mark-start, PB=parsable bottom

Card table byte_map: [0x00000273a2760000,0x00000273a2f40000] _byte_map_base: 0x000002739ef3c000

Marking Bits: (CMBitMap*) 0x000002738f942470
 Bits: [0x00000273a2f40000, 0x00000273a6e20000)

GC Heap History (0 events):
No events

Dll operation events (1 events):
Event: 0.014 Loaded shared library D:\Android Studio\jbr\bin\java.dll

Deoptimization events (0 events):
No events

Classes loaded (0 events):
No events

Classes unloaded (0 events):
No events

Classes redefined (0 events):
No events

Internal exceptions (0 events):
No events

ZGC Phase Switch (0 events):
No events

VM Operations (0 events):
No events

Memory protections (0 events):
No events

Nmethod flushes (0 events):
No events

Events (0 events):
No events


Dynamic libraries:
0x00007ff66e210000 - 0x00007ff66e21a000 	D:\Android Studio\jbr\bin\java.exe
0x00007ff9815d0000 - 0x00007ff9817e7000 	C:\windows\SYSTEM32\ntdll.dll
0x00007ff97f620000 - 0x00007ff97f6e4000 	C:\windows\System32\KERNEL32.DLL
0x00007ff97ede0000 - 0x00007ff97f1b2000 	C:\windows\System32\KERNELBASE.dll
0x00007ff97ecc0000 - 0x00007ff97edd1000 	C:\windows\System32\ucrtbase.dll
0x00007ff963220000 - 0x00007ff963238000 	D:\Android Studio\jbr\bin\jli.dll
0x00007ff97ff80000 - 0x00007ff980131000 	C:\windows\System32\USER32.dll
0x00007ff97e8f0000 - 0x00007ff97e916000 	C:\windows\System32\win32u.dll
0x00007ff97f700000 - 0x00007ff97f729000 	C:\windows\System32\GDI32.dll
0x00007ff97e6c0000 - 0x00007ff97e7e3000 	C:\windows\System32\gdi32full.dll
0x00007ff97f1c0000 - 0x00007ff97f25a000 	C:\windows\System32\msvcp_win.dll
0x00007ff96e690000 - 0x00007ff96e6ab000 	D:\Android Studio\jbr\bin\VCRUNTIME140.dll
0x00007ff95a850000 - 0x00007ff95aaeb000 	C:\windows\WinSxS\amd64_microsoft.windows.common-controls_6595b64144ccf1df_6.0.22621.5415_none_270d77d17387d7da\COMCTL32.dll
0x00007ff97f270000 - 0x00007ff97f317000 	C:\windows\System32\msvcrt.dll
0x00007ff981490000 - 0x00007ff9814c1000 	C:\windows\System32\IMM32.DLL
0x00007ff963360000 - 0x00007ff96336c000 	D:\Android Studio\jbr\bin\vcruntime140_1.dll
0x00007ff92c570000 - 0x00007ff92c5fd000 	D:\Android Studio\jbr\bin\msvcp140.dll
0x00007ff8df940000 - 0x00007ff8e05cb000 	D:\Android Studio\jbr\bin\server\jvm.dll
0x00007ff9814d0000 - 0x00007ff981581000 	C:\windows\System32\ADVAPI32.dll
0x00007ff9813d0000 - 0x00007ff981478000 	C:\windows\System32\sechost.dll
0x00007ff97ec90000 - 0x00007ff97ecb8000 	C:\windows\System32\bcrypt.dll
0x00007ff97f730000 - 0x00007ff97f844000 	C:\windows\System32\RPCRT4.dll
0x00007ff980ed0000 - 0x00007ff980f41000 	C:\windows\System32\WS2_32.dll
0x00007ff97e3e0000 - 0x00007ff97e42d000 	C:\windows\SYSTEM32\POWRPROF.dll
0x00007ff976cc0000 - 0x00007ff976cf4000 	C:\windows\SYSTEM32\WINMM.dll
0x00007ff96ff70000 - 0x00007ff96ff7a000 	C:\windows\SYSTEM32\VERSION.dll
0x00007ff97e3c0000 - 0x00007ff97e3d3000 	C:\windows\SYSTEM32\UMPDC.dll
0x00007ff97d6b0000 - 0x00007ff97d6c8000 	C:\windows\SYSTEM32\kernel.appcore.dll
0x00007ff9630e0000 - 0x00007ff9630ea000 	D:\Android Studio\jbr\bin\jimage.dll
0x00007ff97bb20000 - 0x00007ff97bd53000 	C:\windows\SYSTEM32\DBGHELP.DLL
0x00007ff980f50000 - 0x00007ff9812e3000 	C:\windows\System32\combase.dll
0x00007ff9812f0000 - 0x00007ff9813c7000 	C:\windows\System32\OLEAUT32.dll
0x00007ff959b60000 - 0x00007ff959b92000 	C:\windows\SYSTEM32\dbgcore.DLL
0x00007ff97e870000 - 0x00007ff97e8eb000 	C:\windows\System32\bcryptPrimitives.dll
0x00007ff9611c0000 - 0x00007ff9611e0000 	D:\Android Studio\jbr\bin\java.dll

dbghelp: loaded successfully - version: 4.0.5 - missing functions: none
symbol engine: initialized successfully - sym options: 0x614 - pdb path: .;D:\Android Studio\jbr\bin;C:\windows\SYSTEM32;C:\windows\WinSxS\amd64_microsoft.windows.common-controls_6595b64144ccf1df_6.0.22621.5415_none_270d77d17387d7da;D:\Android Studio\jbr\bin\server

VM Arguments:
java_command: git4idea.http.GitAskPassApp Username for 'https://github.com': 
java_class_path (initial): D:/Android Studio/plugins/vcs-git/lib/git4idea-rt.jar;D:/Android Studio/lib/externalProcess-rt.jar
Launcher Type: SUN_STANDARD

[Global flags]
     intx CICompilerCount                          = 4                                         {product} {ergonomic}
     uint ConcGCThreads                            = 3                                         {product} {ergonomic}
     uint G1ConcRefinementThreads                  = 10                                        {product} {ergonomic}
   size_t G1HeapRegionSize                         = 2097152                                   {product} {ergonomic}
    uintx GCDrainStackTargetSize                   = 64                                        {product} {ergonomic}
   size_t InitialHeapSize                          = 264241152                                 {product} {ergonomic}
   size_t MarkStackSize                            = 4194304                                   {product} {ergonomic}
   size_t MaxHeapSize                              = 4219469824                                {product} {ergonomic}
   size_t MinHeapDeltaBytes                        = 2097152                                   {product} {ergonomic}
   size_t MinHeapSize                              = 8388608                                   {product} {ergonomic}
    uintx NonNMethodCodeHeapSize                   = 5839372                                {pd product} {ergonomic}
    uintx NonProfiledCodeHeapSize                  = 122909434                              {pd product} {ergonomic}
    uintx ProfiledCodeHeapSize                     = 122909434                              {pd product} {ergonomic}
    uintx ReservedCodeCacheSize                    = 251658240                              {pd product} {ergonomic}
     bool SegmentedCodeCache                       = true                                      {product} {ergonomic}
   size_t SoftMaxHeapSize                          = 4219469824                             {manageable} {ergonomic}
     bool UseCompressedOops                        = true                           {product lp64_product} {ergonomic}
     bool UseG1GC                                  = true                                      {product} {ergonomic}
     bool UseLargePagesIndividualAllocation        = false                                  {pd product} {ergonomic}

Logging:
Log output configuration:
 #0: stdout all=warning uptime,level,tags foldmultilines=false
 #1: stderr all=off uptime,level,tags foldmultilines=false

Environment Variables:
PATH=C:/Program Files/Git/mingw64/libexec/git-core;C:/Program Files/Git/mingw64/libexec/git-core;C:\Program Files\Git\mingw64\bin;C:\Program Files\Git\usr\bin;C:\Users\hp\bin;C:\Program Files\Common Files\Oracle\Java\javapath;C:\windows\system32;C:\windows;C:\windows\System32\Wbem;C:\windows\System32\WindowsPowerShell\v1.0\;C:\windows\System32\OpenSSH\;C:\Program Files\MySQL\MySQL Server 8.0\bin;D:\;D:\jdk-22.0.2\bin;C:\Program Files\Git\cmd;D:\XAMPP\php;C:\ProgramData\ComposerSetup\bin;C:\Program Files\dotnet\;C:\Users\hp\Documents\Scripts\;C:\Users\hp\Documents\;C:\Users\hp\AppData\Local\Microsoft\WindowsApps;C:\Users\hp\AppData\Local\Programs\Microsoft VS Code\bin;C:\Users\hp\AppData\Local\GitHubDesktop\bin;C:\Users\hp\AppData\Roaming\Composer\vendor\bin;C:\Users\hp\.dotnet\tools
USERNAME=hp
DISPLAY=:0.0
LC_ALL=en_US.UTF-8
TERM=xterm-256color
TMPDIR=C:\Users\hp\AppData\Local\Temp
OS=Windows_NT
PROCESSOR_IDENTIFIER=Intel64 Family 6 Model 186 Stepping 3, GenuineIntel
TMP=C:\Users\hp\AppData\Local\Temp
TEMP=C:\Users\hp\AppData\Local\Temp




Periodic native trim disabled

JNI global refs:
JNI global refs: 0, weak refs: 0

JNI global refs memory usage: 0, weak refs: 0

Process memory usage:
Resident Set Size: 11796K (0% of 16481336K total physical memory with 355456K free physical memory)

OOME stack traces (most recent first):
Classloader memory used:

---------------  S Y S T E M  ---------------

OS:
 Windows 11 , 64 bit Build 22621 (10.0.22621.5415)
OS uptime: 4 days 5:17 hours
Hyper-V role detected

CPU: total 12 (initial active 12) (6 cores per cpu, 2 threads per core) family 6 model 186 stepping 3 microcode 0x4128, cx8, cmov, fxsr, ht, mmx, 3dnowpref, sse, sse2, sse3, ssse3, sse4.1, sse4.2, popcnt, lzcnt, tsc, tscinvbit, avx, avx2, aes, erms, clmul, bmi1, bmi2, adx, sha, fma, vzeroupper, clflush, clflushopt, clwb, hv, serialize, rdtscp, rdpid, fsrm, f16c, cet_ibt, cet_ss
Processor Information for processor 0
  Max Mhz: 1700, Current Mhz: 1457, Mhz Limit: 1700
Processor Information for processor 1
  Max Mhz: 1700, Current Mhz: 1457, Mhz Limit: 1700
Processor Information for processor 2
  Max Mhz: 1700, Current Mhz: 1457, Mhz Limit: 1700
Processor Information for processor 3
  Max Mhz: 1700, Current Mhz: 1457, Mhz Limit: 1700
Processor Information for processor 4
  Max Mhz: 1700, Current Mhz: 1200, Mhz Limit: 1190
Processor Information for processor 5
  Max Mhz: 1700, Current Mhz: 1200, Mhz Limit: 1190
Processor Information for processor 6
  Max Mhz: 1700, Current Mhz: 1200, Mhz Limit: 1190
Processor Information for processor 7
  Max Mhz: 1700, Current Mhz: 1200, Mhz Limit: 1190
Processor Information for processor 8
  Max Mhz: 1700, Current Mhz: 1200, Mhz Limit: 1190
Processor Information for processor 9
  Max Mhz: 1700, Current Mhz: 1200, Mhz Limit: 1190
Processor Information for processor 10
  Max Mhz: 1700, Current Mhz: 1200, Mhz Limit: 1190
Processor Information for processor 11
  Max Mhz: 1700, Current Mhz: 1200, Mhz Limit: 1190

Memory: 4k page, system-wide physical 16095M (347M free)
TotalPageFile size 27670M (AvailPageFile size 196M)
current process WorkingSet (physical memory assigned to process): 11M, peak: 11M
current process commit charge ("private bytes"): 64M, peak: 316M

vm_info: OpenJDK 64-Bit Server VM (21.0.6+-13368085-b895.109) for windows-amd64 JRE (21.0.6+-13368085-b895.109), built on 2025-04-16T17:01:31Z by "builder" with MS VC++ 16.10 / 16.11 (VS2019)

END.
