#
# There is insufficient memory for the Java Runtime Environment to continue.
# Native memory allocation (malloc) failed to allocate 503136 bytes. Error detail: Chunk::new
# Possible reasons:
#   The system is out of physical RAM or swap space
#   This process is running with CompressedOops enabled, and the Java Heap may be blocking the growth of the native heap
# Possible solutions:
#   Reduce memory load on the system
#   Increase physical memory or swap space
#   Check if swap backing store is full
#   Decrease Java heap size (-Xmx/-Xms)
#   Decrease number of Java threads
#   Decrease Java thread stack sizes (-Xss)
#   Set larger code cache with -XX:ReservedCodeCacheSize=
#   JVM is running with Unscaled Compressed Oops mode in which the Java heap is
#     placed in the first 4GB address space. The Java Heap base address is the
#     maximum limit for the native heap growth. Please use -XX:HeapBaseMinAddress
#     to set the Java Heap base and to place the Java Heap above 4GB virtual address.
# This output file may be truncated or incomplete.
#
#  Out of Memory Error (arena.cpp:168), pid=125584, tid=125524
#
# JRE version: OpenJDK Runtime Environment (21.0.6) (build 21.0.6+-13368085-b895.109)
# Java VM: OpenJDK 64-Bit Server VM (21.0.6+-13368085-b895.109, mixed mode, tiered, compressed oops, compressed class ptrs, g1 gc, windows-amd64)
# No core dump will be written. Minidumps are not enabled by default on client versions of Windows
#

---------------  S U M M A R Y ------------

Command Line: git4idea.http.GitAskPassApp Password for 'https://rucitarenamesiasana@github.com': 

Host: AMD Ryzen 5 7520U with Radeon Graphics         , 8 cores, 5G,  Windows 11 , 64 bit Build 22621 (10.0.22621.5262)
Time: Wed Jul  2 20:01:09 2025 SE Asia Standard Time elapsed time: 1.230547 seconds (0d 0h 0m 1s)

---------------  T H R E A D  ---------------

Current thread (0x000001dd18679810):  JavaThread "C2 CompilerThread0" daemon [_thread_in_native, id=125524, stack(0x0000006bfcc00000,0x0000006bfcd00000) (1024K)]


Current CompileTask:
C2:1230 1113       4       sun.security.ec.ECOperations::setDouble (463 bytes)

Stack: [0x0000006bfcc00000,0x0000006bfcd00000]
Native frames: (J=compiled Java code, j=interpreted, Vv=VM code, C=native code)
V  [jvm.dll+0x6d0639]
V  [jvm.dll+0x85eb03]
V  [jvm.dll+0x86105e]
V  [jvm.dll+0x861743]
V  [jvm.dll+0x27e6e6]
V  [jvm.dll+0xbff6d]
V  [jvm.dll+0xc04a3]
V  [jvm.dll+0x2f2780]
V  [jvm.dll+0x5fa409]
V  [jvm.dll+0x250d92]
V  [jvm.dll+0x24958d]
V  [jvm.dll+0x24714e]
V  [jvm.dll+0x1c5f04]
V  [jvm.dll+0x2569ac]
V  [jvm.dll+0x254ef6]
V  [jvm.dll+0x3f0e96]
V  [jvm.dll+0x806ed8]
V  [jvm.dll+0x6cef0d]
C  [ucrtbase.dll+0x29333]
C  [KERNEL32.DLL+0x1259d]
C  [ntdll.dll+0x5af58]


---------------  P R O C E S S  ---------------

Threads class SMR info:
_java_thread_list=0x000001dd1d3b8480, length=14, elements={
0x000001dd7f561870, 0x000001dd18652e10, 0x000001dd18655b30, 0x000001dd18673300,
0x000001dd18674970, 0x000001dd186753c0, 0x000001dd18675e10, 0x000001dd18679810,
0x000001dd18663700, 0x000001dd18814340, 0x000001dd188199b0, 0x000001dd1d354660,
0x000001dd1d3aace0, 0x000001dd1d3b86c0
}

Java Threads: ( => current thread )
  0x000001dd7f561870 JavaThread "main"                              [_thread_blocked, id=125544, stack(0x0000006bfbe00000,0x0000006bfbf00000) (1024K)]
  0x000001dd18652e10 JavaThread "Reference Handler"          daemon [_thread_blocked, id=125464, stack(0x0000006bfc600000,0x0000006bfc700000) (1024K)]
  0x000001dd18655b30 JavaThread "Finalizer"                  daemon [_thread_blocked, id=125644, stack(0x0000006bfc700000,0x0000006bfc800000) (1024K)]
  0x000001dd18673300 JavaThread "Signal Dispatcher"          daemon [_thread_blocked, id=125476, stack(0x0000006bfc800000,0x0000006bfc900000) (1024K)]
  0x000001dd18674970 JavaThread "Attach Listener"            daemon [_thread_blocked, id=125424, stack(0x0000006bfc900000,0x0000006bfca00000) (1024K)]
  0x000001dd186753c0 JavaThread "Service Thread"             daemon [_thread_blocked, id=125468, stack(0x0000006bfca00000,0x0000006bfcb00000) (1024K)]
  0x000001dd18675e10 JavaThread "Monitor Deflation Thread"   daemon [_thread_blocked, id=125516, stack(0x0000006bfcb00000,0x0000006bfcc00000) (1024K)]
=>0x000001dd18679810 JavaThread "C2 CompilerThread0"         daemon [_thread_in_native, id=125524, stack(0x0000006bfcc00000,0x0000006bfcd00000) (1024K)]
  0x000001dd18663700 JavaThread "C1 CompilerThread0"         daemon [_thread_blocked, id=124296, stack(0x0000006bfcd00000,0x0000006bfce00000) (1024K)]
  0x000001dd18814340 JavaThread "Notification Thread"        daemon [_thread_blocked, id=125396, stack(0x0000006bfce00000,0x0000006bfcf00000) (1024K)]
  0x000001dd188199b0 JavaThread "Common-Cleaner"             daemon [_thread_blocked, id=117288, stack(0x0000006bfcf00000,0x0000006bfd000000) (1024K)]
  0x000001dd1d354660 JavaThread "HttpClient-1-SelectorManager" daemon [_thread_in_native, id=125772, stack(0x0000006bfd000000,0x0000006bfd100000) (1024K)]
  0x000001dd1d3aace0 JavaThread "HttpClient-1-Worker-0"      daemon [_thread_in_vm, id=125776, stack(0x0000006bfd200000,0x0000006bfd300000) (1024K)]
  0x000001dd1d3b86c0 JavaThread "HttpClient-1-Worker-1"      daemon [_thread_blocked, id=125856, stack(0x0000006bfd300000,0x0000006bfd400000) (1024K)]
Total: 14

Other Threads:
  0x000001dd18600890 VMThread "VM Thread"                           [id=125664, stack(0x0000006bfc500000,0x0000006bfc600000) (1024K)]
  0x000001dd18436310 WatcherThread "VM Periodic Task Thread"        [id=112136, stack(0x0000006bfc400000,0x0000006bfc500000) (1024K)]
  0x000001dd7fd4f430 WorkerThread "GC Thread#0"                     [id=122932, stack(0x0000006bfbf00000,0x0000006bfc000000) (1024K)]
  0x000001dd7fd5bbd0 ConcurrentGCThread "G1 Main Marker"            [id=125504, stack(0x0000006bfc000000,0x0000006bfc100000) (1024K)]
  0x000001dd7fd5c840 WorkerThread "G1 Conc#0"                       [id=125508, stack(0x0000006bfc100000,0x0000006bfc200000) (1024K)]
  0x000001dd7fdce960 ConcurrentGCThread "G1 Refine#0"               [id=120668, stack(0x0000006bfc200000,0x0000006bfc300000) (1024K)]
  0x000001dd1830b680 ConcurrentGCThread "G1 Service"                [id=84156, stack(0x0000006bfc300000,0x0000006bfc400000) (1024K)]
Total: 7

Threads with active compile tasks:
C2 CompilerThread0  1246 1113       4       sun.security.ec.ECOperations::setDouble (463 bytes)
Total: 1

VM state: not at safepoint (normal execution)

VM Mutex/Monitor currently owned by a thread: None

Heap address: 0x00000000a4200000, size: 1470 MB, Compressed Oops mode: 32-bit

CDS archive(s) not mapped
Compressed class space mapped at: 0x0000000100000000-0x0000000140000000, reserved size: 1073741824
Narrow klass base: 0x0000000000000000, Narrow klass shift: 3, Narrow klass range: 0x140000000

GC Precious Log:
 CardTable entry size: 512
 Card Set container configuration: InlinePtr #cards 5 size 8 Array Of Cards #cards 12 size 40 Howl #buckets 4 coarsen threshold 1843 Howl Bitmap #cards 512 size 80 coarsen threshold 460 Card regions per heap region 1 cards per card region 2048
 CPUs: 8 total, 8 available
 Memory: 5877M
 Large Page Support: Disabled
 NUMA Support: Disabled
 Compressed Oops: Enabled (32-bit)
 Heap Region Size: 1M
 Heap Min Capacity: 8M
 Heap Initial Capacity: 92M
 Heap Max Capacity: 1470M
 Pre-touch: Disabled
 Parallel Workers: 8
 Concurrent Workers: 2
 Concurrent Refinement Workers: 8
 Periodic GC: Disabled

Heap:
 garbage-first heap   total 94208K, used 15360K [0x00000000a4200000, 0x0000000100000000)
  region size 1024K, 16 young (16384K), 0 survivors (0K)
 Metaspace       used 16903K, committed 17152K, reserved 1114112K
  class space    used 1788K, committed 1920K, reserved 1048576K

Heap Regions: E=young(eden), S=young(survivor), O=old, HS=humongous(starts), HC=humongous(continues), CS=collection set, F=free, TAMS=top-at-mark-start, PB=parsable bottom
|   0|0x00000000a4200000, 0x00000000a4200000, 0x00000000a4300000|  0%| F|  |TAMS 0x00000000a4200000| PB 0x00000000a4200000| Untracked 
|   1|0x00000000a4300000, 0x00000000a4300000, 0x00000000a4400000|  0%| F|  |TAMS 0x00000000a4300000| PB 0x00000000a4300000| Untracked 
|   2|0x00000000a4400000, 0x00000000a4400000, 0x00000000a4500000|  0%| F|  |TAMS 0x00000000a4400000| PB 0x00000000a4400000| Untracked 
|   3|0x00000000a4500000, 0x00000000a4500000, 0x00000000a4600000|  0%| F|  |TAMS 0x00000000a4500000| PB 0x00000000a4500000| Untracked 
|   4|0x00000000a4600000, 0x00000000a4600000, 0x00000000a4700000|  0%| F|  |TAMS 0x00000000a4600000| PB 0x00000000a4600000| Untracked 
|   5|0x00000000a4700000, 0x00000000a4700000, 0x00000000a4800000|  0%| F|  |TAMS 0x00000000a4700000| PB 0x00000000a4700000| Untracked 
|   6|0x00000000a4800000, 0x00000000a4800000, 0x00000000a4900000|  0%| F|  |TAMS 0x00000000a4800000| PB 0x00000000a4800000| Untracked 
|   7|0x00000000a4900000, 0x00000000a4900000, 0x00000000a4a00000|  0%| F|  |TAMS 0x00000000a4900000| PB 0x00000000a4900000| Untracked 
|   8|0x00000000a4a00000, 0x00000000a4a00000, 0x00000000a4b00000|  0%| F|  |TAMS 0x00000000a4a00000| PB 0x00000000a4a00000| Untracked 
|   9|0x00000000a4b00000, 0x00000000a4b00000, 0x00000000a4c00000|  0%| F|  |TAMS 0x00000000a4b00000| PB 0x00000000a4b00000| Untracked 
|  10|0x00000000a4c00000, 0x00000000a4c00000, 0x00000000a4d00000|  0%| F|  |TAMS 0x00000000a4c00000| PB 0x00000000a4c00000| Untracked 
|  11|0x00000000a4d00000, 0x00000000a4d00000, 0x00000000a4e00000|  0%| F|  |TAMS 0x00000000a4d00000| PB 0x00000000a4d00000| Untracked 
|  12|0x00000000a4e00000, 0x00000000a4e00000, 0x00000000a4f00000|  0%| F|  |TAMS 0x00000000a4e00000| PB 0x00000000a4e00000| Untracked 
|  13|0x00000000a4f00000, 0x00000000a4f00000, 0x00000000a5000000|  0%| F|  |TAMS 0x00000000a4f00000| PB 0x00000000a4f00000| Untracked 
|  14|0x00000000a5000000, 0x00000000a5000000, 0x00000000a5100000|  0%| F|  |TAMS 0x00000000a5000000| PB 0x00000000a5000000| Untracked 
|  15|0x00000000a5100000, 0x00000000a5100000, 0x00000000a5200000|  0%| F|  |TAMS 0x00000000a5100000| PB 0x00000000a5100000| Untracked 
|  16|0x00000000a5200000, 0x00000000a5200000, 0x00000000a5300000|  0%| F|  |TAMS 0x00000000a5200000| PB 0x00000000a5200000| Untracked 
|  17|0x00000000a5300000, 0x00000000a5300000, 0x00000000a5400000|  0%| F|  |TAMS 0x00000000a5300000| PB 0x00000000a5300000| Untracked 
|  18|0x00000000a5400000, 0x00000000a5400000, 0x00000000a5500000|  0%| F|  |TAMS 0x00000000a5400000| PB 0x00000000a5400000| Untracked 
|  19|0x00000000a5500000, 0x00000000a5500000, 0x00000000a5600000|  0%| F|  |TAMS 0x00000000a5500000| PB 0x00000000a5500000| Untracked 
|  20|0x00000000a5600000, 0x00000000a5600000, 0x00000000a5700000|  0%| F|  |TAMS 0x00000000a5600000| PB 0x00000000a5600000| Untracked 
|  21|0x00000000a5700000, 0x00000000a5700000, 0x00000000a5800000|  0%| F|  |TAMS 0x00000000a5700000| PB 0x00000000a5700000| Untracked 
|  22|0x00000000a5800000, 0x00000000a5800000, 0x00000000a5900000|  0%| F|  |TAMS 0x00000000a5800000| PB 0x00000000a5800000| Untracked 
|  23|0x00000000a5900000, 0x00000000a5900000, 0x00000000a5a00000|  0%| F|  |TAMS 0x00000000a5900000| PB 0x00000000a5900000| Untracked 
|  24|0x00000000a5a00000, 0x00000000a5a00000, 0x00000000a5b00000|  0%| F|  |TAMS 0x00000000a5a00000| PB 0x00000000a5a00000| Untracked 
|  25|0x00000000a5b00000, 0x00000000a5b00000, 0x00000000a5c00000|  0%| F|  |TAMS 0x00000000a5b00000| PB 0x00000000a5b00000| Untracked 
|  26|0x00000000a5c00000, 0x00000000a5c00000, 0x00000000a5d00000|  0%| F|  |TAMS 0x00000000a5c00000| PB 0x00000000a5c00000| Untracked 
|  27|0x00000000a5d00000, 0x00000000a5d00000, 0x00000000a5e00000|  0%| F|  |TAMS 0x00000000a5d00000| PB 0x00000000a5d00000| Untracked 
|  28|0x00000000a5e00000, 0x00000000a5e00000, 0x00000000a5f00000|  0%| F|  |TAMS 0x00000000a5e00000| PB 0x00000000a5e00000| Untracked 
|  29|0x00000000a5f00000, 0x00000000a5f00000, 0x00000000a6000000|  0%| F|  |TAMS 0x00000000a5f00000| PB 0x00000000a5f00000| Untracked 
|  30|0x00000000a6000000, 0x00000000a6000000, 0x00000000a6100000|  0%| F|  |TAMS 0x00000000a6000000| PB 0x00000000a6000000| Untracked 
|  31|0x00000000a6100000, 0x00000000a6100000, 0x00000000a6200000|  0%| F|  |TAMS 0x00000000a6100000| PB 0x00000000a6100000| Untracked 
|  32|0x00000000a6200000, 0x00000000a6200000, 0x00000000a6300000|  0%| F|  |TAMS 0x00000000a6200000| PB 0x00000000a6200000| Untracked 
|  33|0x00000000a6300000, 0x00000000a6300000, 0x00000000a6400000|  0%| F|  |TAMS 0x00000000a6300000| PB 0x00000000a6300000| Untracked 
|  34|0x00000000a6400000, 0x00000000a6400000, 0x00000000a6500000|  0%| F|  |TAMS 0x00000000a6400000| PB 0x00000000a6400000| Untracked 
|  35|0x00000000a6500000, 0x00000000a6500000, 0x00000000a6600000|  0%| F|  |TAMS 0x00000000a6500000| PB 0x00000000a6500000| Untracked 
|  36|0x00000000a6600000, 0x00000000a6600000, 0x00000000a6700000|  0%| F|  |TAMS 0x00000000a6600000| PB 0x00000000a6600000| Untracked 
|  37|0x00000000a6700000, 0x00000000a6700000, 0x00000000a6800000|  0%| F|  |TAMS 0x00000000a6700000| PB 0x00000000a6700000| Untracked 
|  38|0x00000000a6800000, 0x00000000a6800000, 0x00000000a6900000|  0%| F|  |TAMS 0x00000000a6800000| PB 0x00000000a6800000| Untracked 
|  39|0x00000000a6900000, 0x00000000a6900000, 0x00000000a6a00000|  0%| F|  |TAMS 0x00000000a6900000| PB 0x00000000a6900000| Untracked 
|  40|0x00000000a6a00000, 0x00000000a6a00000, 0x00000000a6b00000|  0%| F|  |TAMS 0x00000000a6a00000| PB 0x00000000a6a00000| Untracked 
|  41|0x00000000a6b00000, 0x00000000a6b00000, 0x00000000a6c00000|  0%| F|  |TAMS 0x00000000a6b00000| PB 0x00000000a6b00000| Untracked 
|  42|0x00000000a6c00000, 0x00000000a6c00000, 0x00000000a6d00000|  0%| F|  |TAMS 0x00000000a6c00000| PB 0x00000000a6c00000| Untracked 
|  43|0x00000000a6d00000, 0x00000000a6d00000, 0x00000000a6e00000|  0%| F|  |TAMS 0x00000000a6d00000| PB 0x00000000a6d00000| Untracked 
|  44|0x00000000a6e00000, 0x00000000a6e00000, 0x00000000a6f00000|  0%| F|  |TAMS 0x00000000a6e00000| PB 0x00000000a6e00000| Untracked 
|  45|0x00000000a6f00000, 0x00000000a6f00000, 0x00000000a7000000|  0%| F|  |TAMS 0x00000000a6f00000| PB 0x00000000a6f00000| Untracked 
|  46|0x00000000a7000000, 0x00000000a7000000, 0x00000000a7100000|  0%| F|  |TAMS 0x00000000a7000000| PB 0x00000000a7000000| Untracked 
|  47|0x00000000a7100000, 0x00000000a7100000, 0x00000000a7200000|  0%| F|  |TAMS 0x00000000a7100000| PB 0x00000000a7100000| Untracked 
|  48|0x00000000a7200000, 0x00000000a7200000, 0x00000000a7300000|  0%| F|  |TAMS 0x00000000a7200000| PB 0x00000000a7200000| Untracked 
|  49|0x00000000a7300000, 0x00000000a7300000, 0x00000000a7400000|  0%| F|  |TAMS 0x00000000a7300000| PB 0x00000000a7300000| Untracked 
|  50|0x00000000a7400000, 0x00000000a7400000, 0x00000000a7500000|  0%| F|  |TAMS 0x00000000a7400000| PB 0x00000000a7400000| Untracked 
|  51|0x00000000a7500000, 0x00000000a7500000, 0x00000000a7600000|  0%| F|  |TAMS 0x00000000a7500000| PB 0x00000000a7500000| Untracked 
|  52|0x00000000a7600000, 0x00000000a7600000, 0x00000000a7700000|  0%| F|  |TAMS 0x00000000a7600000| PB 0x00000000a7600000| Untracked 
|  53|0x00000000a7700000, 0x00000000a7700000, 0x00000000a7800000|  0%| F|  |TAMS 0x00000000a7700000| PB 0x00000000a7700000| Untracked 
|  54|0x00000000a7800000, 0x00000000a7800000, 0x00000000a7900000|  0%| F|  |TAMS 0x00000000a7800000| PB 0x00000000a7800000| Untracked 
|  55|0x00000000a7900000, 0x00000000a7900000, 0x00000000a7a00000|  0%| F|  |TAMS 0x00000000a7900000| PB 0x00000000a7900000| Untracked 
|  56|0x00000000a7a00000, 0x00000000a7a00000, 0x00000000a7b00000|  0%| F|  |TAMS 0x00000000a7a00000| PB 0x00000000a7a00000| Untracked 
|  57|0x00000000a7b00000, 0x00000000a7b00000, 0x00000000a7c00000|  0%| F|  |TAMS 0x00000000a7b00000| PB 0x00000000a7b00000| Untracked 
|  58|0x00000000a7c00000, 0x00000000a7c00000, 0x00000000a7d00000|  0%| F|  |TAMS 0x00000000a7c00000| PB 0x00000000a7c00000| Untracked 
|  59|0x00000000a7d00000, 0x00000000a7d00000, 0x00000000a7e00000|  0%| F|  |TAMS 0x00000000a7d00000| PB 0x00000000a7d00000| Untracked 
|  60|0x00000000a7e00000, 0x00000000a7e00000, 0x00000000a7f00000|  0%| F|  |TAMS 0x00000000a7e00000| PB 0x00000000a7e00000| Untracked 
|  61|0x00000000a7f00000, 0x00000000a7f00000, 0x00000000a8000000|  0%| F|  |TAMS 0x00000000a7f00000| PB 0x00000000a7f00000| Untracked 
|  62|0x00000000a8000000, 0x00000000a8000000, 0x00000000a8100000|  0%| F|  |TAMS 0x00000000a8000000| PB 0x00000000a8000000| Untracked 
|  63|0x00000000a8100000, 0x00000000a8100000, 0x00000000a8200000|  0%| F|  |TAMS 0x00000000a8100000| PB 0x00000000a8100000| Untracked 
|  64|0x00000000a8200000, 0x00000000a8200000, 0x00000000a8300000|  0%| F|  |TAMS 0x00000000a8200000| PB 0x00000000a8200000| Untracked 
|  65|0x00000000a8300000, 0x00000000a8300000, 0x00000000a8400000|  0%| F|  |TAMS 0x00000000a8300000| PB 0x00000000a8300000| Untracked 
|  66|0x00000000a8400000, 0x00000000a8400000, 0x00000000a8500000|  0%| F|  |TAMS 0x00000000a8400000| PB 0x00000000a8400000| Untracked 
|  67|0x00000000a8500000, 0x00000000a8500000, 0x00000000a8600000|  0%| F|  |TAMS 0x00000000a8500000| PB 0x00000000a8500000| Untracked 
|  68|0x00000000a8600000, 0x00000000a8600000, 0x00000000a8700000|  0%| F|  |TAMS 0x00000000a8600000| PB 0x00000000a8600000| Untracked 
|  69|0x00000000a8700000, 0x00000000a8700000, 0x00000000a8800000|  0%| F|  |TAMS 0x00000000a8700000| PB 0x00000000a8700000| Untracked 
|  70|0x00000000a8800000, 0x00000000a8800000, 0x00000000a8900000|  0%| F|  |TAMS 0x00000000a8800000| PB 0x00000000a8800000| Untracked 
|  71|0x00000000a8900000, 0x00000000a8900000, 0x00000000a8a00000|  0%| F|  |TAMS 0x00000000a8900000| PB 0x00000000a8900000| Untracked 
|  72|0x00000000a8a00000, 0x00000000a8a00000, 0x00000000a8b00000|  0%| F|  |TAMS 0x00000000a8a00000| PB 0x00000000a8a00000| Untracked 
|  73|0x00000000a8b00000, 0x00000000a8b00000, 0x00000000a8c00000|  0%| F|  |TAMS 0x00000000a8b00000| PB 0x00000000a8b00000| Untracked 
|  74|0x00000000a8c00000, 0x00000000a8c00000, 0x00000000a8d00000|  0%| F|  |TAMS 0x00000000a8c00000| PB 0x00000000a8c00000| Untracked 
|  75|0x00000000a8d00000, 0x00000000a8d00000, 0x00000000a8e00000|  0%| F|  |TAMS 0x00000000a8d00000| PB 0x00000000a8d00000| Untracked 
|  76|0x00000000a8e00000, 0x00000000a8e77d10, 0x00000000a8f00000| 46%| E|  |TAMS 0x00000000a8e00000| PB 0x00000000a8e00000| Complete 
|  77|0x00000000a8f00000, 0x00000000a9000000, 0x00000000a9000000|100%| E|CS|TAMS 0x00000000a8f00000| PB 0x00000000a8f00000| Complete 
|  78|0x00000000a9000000, 0x00000000a9100000, 0x00000000a9100000|100%| E|CS|TAMS 0x00000000a9000000| PB 0x00000000a9000000| Complete 
|  79|0x00000000a9100000, 0x00000000a9200000, 0x00000000a9200000|100%| E|CS|TAMS 0x00000000a9100000| PB 0x00000000a9100000| Complete 
|  80|0x00000000a9200000, 0x00000000a9300000, 0x00000000a9300000|100%| E|CS|TAMS 0x00000000a9200000| PB 0x00000000a9200000| Complete 
|  81|0x00000000a9300000, 0x00000000a9400000, 0x00000000a9400000|100%| E|CS|TAMS 0x00000000a9300000| PB 0x00000000a9300000| Complete 
|  82|0x00000000a9400000, 0x00000000a9500000, 0x00000000a9500000|100%| E|CS|TAMS 0x00000000a9400000| PB 0x00000000a9400000| Complete 
|  83|0x00000000a9500000, 0x00000000a9600000, 0x00000000a9600000|100%| E|CS|TAMS 0x00000000a9500000| PB 0x00000000a9500000| Complete 
|  84|0x00000000a9600000, 0x00000000a9700000, 0x00000000a9700000|100%| E|CS|TAMS 0x00000000a9600000| PB 0x00000000a9600000| Complete 
|  85|0x00000000a9700000, 0x00000000a9800000, 0x00000000a9800000|100%| E|CS|TAMS 0x00000000a9700000| PB 0x00000000a9700000| Complete 
|  86|0x00000000a9800000, 0x00000000a9900000, 0x00000000a9900000|100%| E|CS|TAMS 0x00000000a9800000| PB 0x00000000a9800000| Complete 
|  87|0x00000000a9900000, 0x00000000a9a00000, 0x00000000a9a00000|100%| E|CS|TAMS 0x00000000a9900000| PB 0x00000000a9900000| Complete 
|  88|0x00000000a9a00000, 0x00000000a9b00000, 0x00000000a9b00000|100%| E|CS|TAMS 0x00000000a9a00000| PB 0x00000000a9a00000| Complete 
|  89|0x00000000a9b00000, 0x00000000a9c00000, 0x00000000a9c00000|100%| E|CS|TAMS 0x00000000a9b00000| PB 0x00000000a9b00000| Complete 
|  90|0x00000000a9c00000, 0x00000000a9d00000, 0x00000000a9d00000|100%| E|CS|TAMS 0x00000000a9c00000| PB 0x00000000a9c00000| Complete 
|  91|0x00000000a9d00000, 0x00000000a9e00000, 0x00000000a9e00000|100%| E|CS|TAMS 0x00000000a9d00000| PB 0x00000000a9d00000| Complete 

Card table byte_map: [0x000001dd14000000,0x000001dd142e0000] _byte_map_base: 0x000001dd13adf000

Marking Bits: (CMBitMap*) 0x000001dd7fd4fb30
 Bits: [0x000001dd142e0000, 0x000001dd159d8000)

Polling page: 0x000001dd7f920000

Metaspace:

Usage:
  Non-class:     14.78 MB used.
      Class:      1.75 MB used.
       Both:     16.53 MB used.

Virtual space:
  Non-class space:       64.00 MB reserved,      14.88 MB ( 23%) committed,  1 nodes.
      Class space:        1.00 GB reserved,       1.88 MB ( <1%) committed,  1 nodes.
             Both:        1.06 GB reserved,      16.75 MB (  2%) committed. 

Chunk freelists:
   Non-Class:  768.00 KB
       Class:  14.13 MB
        Both:  14.88 MB

MaxMetaspaceSize: unlimited
CompressedClassSpaceSize: 1.00 GB
Initial GC threshold: 21.00 MB
Current GC threshold: 21.00 MB
CDS: off
 - commit_granule_bytes: 65536.
 - commit_granule_words: 8192.
 - virtual_space_node_default_size: 8388608.
 - enlarge_chunks_in_place: 1.
 - use_allocation_guard: 0.


Internal statistics:

num_allocs_failed_limit: 0.
num_arena_births: 244.
num_arena_deaths: 0.
num_vsnodes_births: 2.
num_vsnodes_deaths: 0.
num_space_committed: 268.
num_space_uncommitted: 0.
num_chunks_returned_to_freelist: 0.
num_chunks_taken_from_freelist: 433.
num_chunk_merges: 0.
num_chunk_splits: 240.
num_chunks_enlarged: 112.
num_inconsistent_stats: 0.

CodeHeap 'non-profiled nmethods': size=120000Kb used=398Kb max_used=398Kb free=119602Kb
 bounds [0x000001dd0bf70000, 0x000001dd0c1e0000, 0x000001dd134a0000]
CodeHeap 'profiled nmethods': size=120000Kb used=1938Kb max_used=1938Kb free=118062Kb
 bounds [0x000001dd044a0000, 0x000001dd04710000, 0x000001dd0b9d0000]
CodeHeap 'non-nmethods': size=5760Kb used=1407Kb max_used=1422Kb free=4353Kb
 bounds [0x000001dd0b9d0000, 0x000001dd0bc40000, 0x000001dd0bf70000]
 total_blobs=1699 nmethods=1184 adapters=420
 compilation: enabled
              stopped_count=0, restarted_count=0
 full_count=0

Compilation events (20 events):
Event: 1.216 Thread 0x000001dd18663700 1153   !   3       jdk.internal.loader.BuiltinClassLoader::defineClass (162 bytes)
Event: 1.219 Thread 0x000001dd18663700 nmethod 1153 0x000001dd0466b810 code [0x000001dd0466bd00, 0x000001dd0466e380]
Event: 1.219 Thread 0x000001dd18663700 1154       3       java.nio.ByteBuffer::arrayOffset (35 bytes)
Event: 1.219 Thread 0x000001dd18663700 nmethod 1154 0x000001dd0466f690 code [0x000001dd0466f860, 0x000001dd0466fb28]
Event: 1.219 Thread 0x000001dd18663700 1156       3       jdk.internal.misc.Unsafe::checkSize (32 bytes)
Event: 1.220 Thread 0x000001dd18663700 nmethod 1156 0x000001dd0466fc90 code [0x000001dd0466fe40, 0x000001dd046700a8]
Event: 1.221 Thread 0x000001dd18663700 1157       3       java.lang.invoke.MemberName::<init> (139 bytes)
Event: 1.222 Thread 0x000001dd18663700 nmethod 1157 0x000001dd04670190 code [0x000001dd046704c0, 0x000001dd046715c8]
Event: 1.222 Thread 0x000001dd18663700 1158       3       java.lang.invoke.AbstractValidatingLambdaMetafactory::isAdaptableTo (126 bytes)
Event: 1.223 Thread 0x000001dd18663700 nmethod 1158 0x000001dd04671b10 code [0x000001dd04671dc0, 0x000001dd04672720]
Event: 1.223 Thread 0x000001dd18663700 1159       3       jdk.internal.misc.Unsafe::checkOffset (32 bytes)
Event: 1.223 Thread 0x000001dd18663700 nmethod 1159 0x000001dd04672b10 code [0x000001dd04672cc0, 0x000001dd04672f28]
Event: 1.224 Thread 0x000001dd18663700 1160       3       java.nio.ByteBuffer::array (35 bytes)
Event: 1.224 Thread 0x000001dd18663700 nmethod 1160 0x000001dd04673010 code [0x000001dd046731e0, 0x000001dd046734a8]
Event: 1.226 Thread 0x000001dd18663700 1161       3       java.lang.invoke.MemberName::hashCode (43 bytes)
Event: 1.226 Thread 0x000001dd18663700 nmethod 1161 0x000001dd04673610 code [0x000001dd04673860, 0x000001dd04674428]
Event: 1.227 Thread 0x000001dd18663700 1162       3       java.util.Objects::hash (5 bytes)
Event: 1.227 Thread 0x000001dd18663700 nmethod 1162 0x000001dd04674790 code [0x000001dd04674940, 0x000001dd04674a58]
Event: 1.227 Thread 0x000001dd18663700 1163       3       java.lang.invoke.InnerClassLambdaMetafactory::getLoadOpcode (26 bytes)
Event: 1.227 Thread 0x000001dd18663700 nmethod 1163 0x000001dd04674b10 code [0x000001dd04674ce0, 0x000001dd04674f18]

GC Heap History (0 events):
No events

Dll operation events (2 events):
Event: 0.043 Loaded shared library C:\Program Files\Android\Android Studio1\jbr\bin\java.dll
Event: 0.055 Loaded shared library C:\Program Files\Android\Android Studio1\jbr\bin\zip.dll

Deoptimization events (20 events):
Event: 1.161 Thread 0x000001dd1d3aace0 Uncommon trap: trap_request=0xffffff66 fr.pc=0x000001dd0bfcde78 relative=0x0000000000000318
Event: 1.161 Thread 0x000001dd1d3aace0 Uncommon trap: reason=speculate_class_check action=maybe_recompile pc=0x000001dd0bfcde78 method=sun.security.util.math.intpoly.IntegerPolynomial.multByInt([JJ)V @ 26 c2
Event: 1.161 Thread 0x000001dd1d3aace0 DEOPT PACKING pc=0x000001dd0bfcde78 sp=0x0000006bfd2fe1a0
Event: 1.161 Thread 0x000001dd1d3aace0 DEOPT UNPACKING pc=0x000001dd0ba246a2 sp=0x0000006bfd2fe0e0 mode 2
Event: 1.161 Thread 0x000001dd1d3aace0 Uncommon trap: trap_request=0xffffffde fr.pc=0x000001dd0bfc78a8 relative=0x0000000000000268
Event: 1.161 Thread 0x000001dd1d3aace0 Uncommon trap: reason=class_check action=maybe_recompile pc=0x000001dd0bfc78a8 method=sun.security.util.math.intpoly.IntegerPolynomial.multByInt([JJ)V @ 26 c2
Event: 1.161 Thread 0x000001dd1d3aace0 DEOPT PACKING pc=0x000001dd0bfc78a8 sp=0x0000006bfd2fe110
Event: 1.161 Thread 0x000001dd1d3aace0 DEOPT UNPACKING pc=0x000001dd0ba246a2 sp=0x0000006bfd2fe0e0 mode 2
Event: 1.161 Thread 0x000001dd1d3aace0 Uncommon trap: trap_request=0xffffffde fr.pc=0x000001dd0bfc78a8 relative=0x0000000000000268
Event: 1.161 Thread 0x000001dd1d3aace0 Uncommon trap: reason=class_check action=maybe_recompile pc=0x000001dd0bfc78a8 method=sun.security.util.math.intpoly.IntegerPolynomial.multByInt([JJ)V @ 26 c2
Event: 1.161 Thread 0x000001dd1d3aace0 DEOPT PACKING pc=0x000001dd0bfc78a8 sp=0x0000006bfd2fe110
Event: 1.161 Thread 0x000001dd1d3aace0 DEOPT UNPACKING pc=0x000001dd0ba246a2 sp=0x0000006bfd2fe0e0 mode 2
Event: 1.161 Thread 0x000001dd1d3aace0 Uncommon trap: trap_request=0xffffffde fr.pc=0x000001dd0bfc78a8 relative=0x0000000000000268
Event: 1.161 Thread 0x000001dd1d3aace0 Uncommon trap: reason=class_check action=maybe_recompile pc=0x000001dd0bfc78a8 method=sun.security.util.math.intpoly.IntegerPolynomial.multByInt([JJ)V @ 26 c2
Event: 1.161 Thread 0x000001dd1d3aace0 DEOPT PACKING pc=0x000001dd0bfc78a8 sp=0x0000006bfd2fe110
Event: 1.161 Thread 0x000001dd1d3aace0 DEOPT UNPACKING pc=0x000001dd0ba246a2 sp=0x0000006bfd2fe0e0 mode 2
Event: 1.161 Thread 0x000001dd1d3aace0 Uncommon trap: trap_request=0xffffffde fr.pc=0x000001dd0bfc78a8 relative=0x0000000000000268
Event: 1.161 Thread 0x000001dd1d3aace0 Uncommon trap: reason=class_check action=maybe_recompile pc=0x000001dd0bfc78a8 method=sun.security.util.math.intpoly.IntegerPolynomial.multByInt([JJ)V @ 26 c2
Event: 1.161 Thread 0x000001dd1d3aace0 DEOPT PACKING pc=0x000001dd0bfc78a8 sp=0x0000006bfd2fe110
Event: 1.161 Thread 0x000001dd1d3aace0 DEOPT UNPACKING pc=0x000001dd0ba246a2 sp=0x0000006bfd2fe0e0 mode 2

Classes loaded (20 events):
Event: 1.203 Loading class sun/security/ssl/Finished$T12VerifyDataGenerator
Event: 1.203 Loading class sun/security/ssl/Finished$T12VerifyDataGenerator done
Event: 1.203 Loading class sun/security/ssl/Finished$T13VerifyDataGenerator
Event: 1.203 Loading class sun/security/ssl/Finished$T13VerifyDataGenerator done
Event: 1.203 Loading class sun/security/ssl/Finished$1
Event: 1.203 Loading class sun/security/ssl/Finished$1 done
Event: 1.203 Loading class sun/security/ssl/SSLBasicKeyDerivation
Event: 1.203 Loading class sun/security/ssl/SSLBasicKeyDerivation done
Event: 1.203 Loading class sun/security/ssl/SSLBasicKeyDerivation$SecretSizeSpec
Event: 1.203 Loading class sun/security/ssl/SSLBasicKeyDerivation$SecretSizeSpec done
Event: 1.206 Loading class jdk/internal/event/TLSHandshakeEvent
Event: 1.206 Loading class jdk/internal/event/TLSHandshakeEvent done
Event: 1.206 Loading class com/sun/crypto/provider/GaloisCounterMode$GCMEncrypt
Event: 1.207 Loading class com/sun/crypto/provider/GaloisCounterMode$GCMEncrypt done
Event: 1.207 Loading class com/sun/crypto/provider/GaloisCounterMode$EncryptOp
Event: 1.207 Loading class com/sun/crypto/provider/GaloisCounterMode$EncryptOp done
Event: 1.207 Loading class sun/security/ssl/CipherSuite$1
Event: 1.207 Loading class sun/security/ssl/CipherSuite$1 done
Event: 1.209 Loading class java/util/concurrent/CompletionException
Event: 1.209 Loading class java/util/concurrent/CompletionException done

Classes unloaded (0 events):
No events

Classes redefined (0 events):
No events

Internal exceptions (20 events):
Event: 0.748 Thread 0x000001dd7f561870 Exception <a 'java/lang/NoSuchMethodError'{0x00000000a974f8f8}: 'int java.lang.invoke.DirectMethodHandle$Holder.invokeStaticInit(java.lang.Object, long, long)'> (0x00000000a974f8f8) 
thrown [s\src\hotspot\share\interpreter\linkResolver.cpp, line 784]
Event: 0.750 Thread 0x000001dd7f561870 Exception <a 'java/lang/NoSuchMethodError'{0x00000000a9756390}: 'int java.lang.invoke.DirectMethodHandle$Holder.invokeStaticInit(java.lang.Object, float, float)'> (0x00000000a9756390) 
thrown [s\src\hotspot\share\interpreter\linkResolver.cpp, line 784]
Event: 0.751 Thread 0x000001dd7f561870 Exception <a 'java/lang/NoSuchMethodError'{0x00000000a975cf48}: 'int java.lang.invoke.DirectMethodHandle$Holder.invokeStaticInit(java.lang.Object, double, double)'> (0x00000000a975cf48) 
thrown [s\src\hotspot\share\interpreter\linkResolver.cpp, line 784]
Event: 0.751 Thread 0x000001dd7f561870 Exception <a 'java/lang/NoSuchMethodError'{0x00000000a97615d0}: 'int java.lang.invoke.DirectMethodHandle$Holder.invokeStatic(java.lang.Object, long)'> (0x00000000a97615d0) 
thrown [s\src\hotspot\share\interpreter\linkResolver.cpp, line 784]
Event: 0.762 Thread 0x000001dd7f561870 Exception <a 'java/lang/NoSuchMethodError'{0x00000000a978e608}: 'java.lang.Object java.lang.invoke.DelegatingMethodHandle$Holder.delegate(java.lang.Object, int, java.lang.Object, java.lang.Object)'> (0x00000000a978e608) 
thrown [s\src\hotspot\share\interpreter\linkResolver.cpp, line 784]
Event: 0.765 Thread 0x000001dd7f561870 Exception <a 'java/lang/NoSuchMethodError'{0x00000000a979d928}: 'int java.lang.invoke.Invokers$Holder.linkToTargetMethod(java.lang.Object, java.lang.Object, java.lang.Object)'> (0x00000000a979d928) 
thrown [s\src\hotspot\share\interpreter\linkResolver.cpp, line 784]
Event: 0.774 Thread 0x000001dd7f561870 Exception <a 'java/lang/NoSuchMethodError'{0x00000000a97cc940}: 'long java.lang.invoke.DirectMethodHandle$Holder.invokeSpecial(java.lang.Object, java.lang.Object)'> (0x00000000a97cc940) 
thrown [s\src\hotspot\share\interpreter\linkResolver.cpp, line 784]
Event: 0.776 Thread 0x000001dd7f561870 Exception <a 'java/lang/NoSuchMethodError'{0x00000000a97d3210}: 'int java.lang.invoke.DirectMethodHandle$Holder.invokeStatic(java.lang.Object, java.lang.Object, java.lang.Object, java.lang.Object)'> (0x00000000a97d3210) 
thrown [s\src\hotspot\share\interpreter\linkResolver.cpp, line 784]
Event: 0.777 Thread 0x000001dd7f561870 Exception <a 'java/lang/NoSuchMethodError'{0x00000000a97d6630}: 'java.lang.Object java.lang.invoke.Invokers$Holder.invokeExact_MT(java.lang.Object, java.lang.Object, java.lang.Object, java.lang.Object, java.lang.Object, java.lang.Object)'> (0x00000000a97d6630) 
thrown [s\src\hotspot\share\interpreter\linkResolver.cpp, line 784]
Event: 0.903 Thread 0x000001dd7f561870 Exception <a 'java/lang/NoSuchMethodError'{0x00000000a9563440}: 'java.lang.Object java.lang.invoke.DirectMethodHandle$Holder.newInvokeSpecial(java.lang.Object, java.lang.Object, java.lang.Object, java.lang.Object, java.lang.Object)'> (0x00000000a9563440) 
thrown [s\src\hotspot\share\interpreter\linkResolver.cpp, line 784]
Event: 0.951 Thread 0x000001dd7f561870 Exception <a 'java/lang/NoSuchMethodError'{0x00000000a9335c20}: 'java.lang.Object java.lang.invoke.DirectMethodHandle$Holder.invokeSpecial(java.lang.Object, java.lang.Object, java.lang.Object, java.lang.Object, int)'> (0x00000000a9335c20) 
thrown [s\src\hotspot\share\interpreter\linkResolver.cpp, line 784]
Event: 0.951 Thread 0x000001dd7f561870 Exception <a 'java/lang/NoSuchMethodError'{0x00000000a9339588}: 'java.lang.Object java.lang.invoke.Invokers$Holder.linkToTargetMethod(java.lang.Object, java.lang.Object, int, java.lang.Object)'> (0x00000000a9339588) 
thrown [s\src\hotspot\share\interpreter\linkResolver.cpp, line 784]
Event: 0.962 Thread 0x000001dd7f561870 Exception <a 'java/lang/NoSuchMethodError'{0x00000000a9364600}: 'void java.lang.invoke.DirectMethodHandle$Holder.invokeSpecial(java.lang.Object, java.lang.Object, java.lang.Object)'> (0x00000000a9364600) 
thrown [s\src\hotspot\share\interpreter\linkResolver.cpp, line 784]
Event: 0.980 Thread 0x000001dd1d354660 Exception <a 'java/lang/NoSuchMethodError'{0x00000000a9599968}: 'void java.lang.invoke.DirectMethodHandle$Holder.invokeStatic(java.lang.Object, java.lang.Object, int)'> (0x00000000a9599968) 
thrown [s\src\hotspot\share\interpreter\linkResolver.cpp, line 784]
Event: 0.981 Thread 0x000001dd7f561870 Exception <a 'java/lang/NoSuchMethodError'{0x00000000a93ea048}: 'void java.lang.invoke.DirectMethodHandle$Holder.invokeSpecial(java.lang.Object, java.lang.Object, java.lang.Object, java.lang.Object, java.lang.Object)'> (0x00000000a93ea048) 
thrown [s\src\hotspot\share\interpreter\linkResolver.cpp, line 784]
Event: 0.990 Thread 0x000001dd1d354660 Exception <a 'java/lang/NoSuchMethodError'{0x00000000a95d32f8}: 'void java.lang.invoke.DirectMethodHandle$Holder.invokeStatic(java.lang.Object, java.lang.Object)'> (0x00000000a95d32f8) 
thrown [s\src\hotspot\share\interpreter\linkResolver.cpp, line 784]
Event: 0.992 Thread 0x000001dd1d3aace0 Exception <a 'java/lang/NoSuchMethodError'{0x00000000a9295248}: 'void java.lang.invoke.DirectMethodHandle$Holder.invokeInterface(java.lang.Object, java.lang.Object, java.lang.Object)'> (0x00000000a9295248) 
thrown [s\src\hotspot\share\interpreter\linkResolver.cpp, line 784]
Event: 1.000 Thread 0x000001dd1d3aace0 Exception <a 'java/lang/NoSuchMethodError'{0x00000000a92dab98}: 'void java.lang.invoke.DirectMethodHandle$Holder.invokeVirtual(java.lang.Object, java.lang.Object)'> (0x00000000a92dab98) 
thrown [s\src\hotspot\share\interpreter\linkResolver.cpp, line 784]
Event: 1.150 Thread 0x000001dd1d3aace0 Exception <a 'java/lang/NoSuchMethodError'{0x00000000a90e44f0}: 'void java.lang.invoke.DirectMethodHandle$Holder.invokeInterface(java.lang.Object, java.lang.Object)'> (0x00000000a90e44f0) 
thrown [s\src\hotspot\share\interpreter\linkResolver.cpp, line 784]
Event: 1.208 Thread 0x000001dd1d3aace0 Exception <a 'java/lang/NoSuchMethodError'{0x00000000a8f57fc0}: 'void java.lang.invoke.DirectMethodHandle$Holder.invokeStatic(java.lang.Object, java.lang.Object, java.lang.Object, java.lang.Object)'> (0x00000000a8f57fc0) 
thrown [s\src\hotspot\share\interpreter\linkResolver.cpp, line 784]

ZGC Phase Switch (0 events):
No events

VM Operations (8 events):
Event: 0.256 Executing VM operation: HandshakeAllThreads (Deoptimize)
Event: 0.256 Executing VM operation: HandshakeAllThreads (Deoptimize) done
Event: 0.269 Executing VM operation: HandshakeAllThreads (Deoptimize)
Event: 0.269 Executing VM operation: HandshakeAllThreads (Deoptimize) done
Event: 0.555 Executing VM operation: HandshakeAllThreads (Deoptimize)
Event: 0.555 Executing VM operation: HandshakeAllThreads (Deoptimize) done
Event: 1.153 Executing VM operation: ICBufferFull
Event: 1.153 Executing VM operation: ICBufferFull done

Memory protections (0 events):
No events

Nmethod flushes (0 events):
No events

Events (19 events):
Event: 0.052 Thread 0x000001dd7f561870 Thread added: 0x000001dd7f561870
Event: 0.160 Thread 0x000001dd7f561870 Thread added: 0x000001dd18652e10
Event: 0.160 Thread 0x000001dd7f561870 Thread added: 0x000001dd18655b30
Event: 0.162 Thread 0x000001dd7f561870 Thread added: 0x000001dd18673300
Event: 0.162 Thread 0x000001dd7f561870 Thread added: 0x000001dd18674970
Event: 0.162 Thread 0x000001dd7f561870 Thread added: 0x000001dd186753c0
Event: 0.162 Thread 0x000001dd7f561870 Thread added: 0x000001dd18675e10
Event: 0.163 Thread 0x000001dd7f561870 Thread added: 0x000001dd18679810
Event: 0.163 Thread 0x000001dd7f561870 Thread added: 0x000001dd18663700
Event: 0.209 Thread 0x000001dd7f561870 Thread added: 0x000001dd18814340
Event: 0.217 Thread 0x000001dd7f561870 Thread added: 0x000001dd188199b0
Event: 0.230 Loaded shared library C:\Program Files\Android\Android Studio1\jbr\bin\net.dll
Event: 0.235 Loaded shared library C:\Program Files\Android\Android Studio1\jbr\bin\nio.dll
Event: 0.247 Loaded shared library C:\Program Files\Android\Android Studio1\jbr\bin\zip.dll
Event: 0.346 Loaded shared library C:\Program Files\Android\Android Studio1\jbr\bin\jimage.dll
Event: 0.886 Loaded shared library C:\Program Files\Android\Android Studio1\jbr\bin\extnet.dll
Event: 0.896 Thread 0x000001dd7f561870 Thread added: 0x000001dd1d354660
Event: 0.989 Thread 0x000001dd1d354660 Thread added: 0x000001dd1d3aace0
Event: 1.011 Thread 0x000001dd1d354660 Thread added: 0x000001dd1d3b86c0


Dynamic libraries:
0x00007ff62f590000 - 0x00007ff62f59a000 	C:\Program Files\Android\Android Studio1\jbr\bin\java.exe
0x00007ff8b2310000 - 0x00007ff8b2527000 	C:\Windows\SYSTEM32\ntdll.dll
0x00007ff8b0bb0000 - 0x00007ff8b0c74000 	C:\Windows\System32\KERNEL32.DLL
0x00007ff8af6f0000 - 0x00007ff8afac3000 	C:\Windows\System32\KERNELBASE.dll
0x00007ff8afb50000 - 0x00007ff8afc61000 	C:\Windows\System32\ucrtbase.dll
0x00007ff8aa850000 - 0x00007ff8aa868000 	C:\Program Files\Android\Android Studio1\jbr\bin\jli.dll
0x00007ff89e750000 - 0x00007ff89e76b000 	C:\Program Files\Android\Android Studio1\jbr\bin\VCRUNTIME140.dll
0x00007ff8b16e0000 - 0x00007ff8b1891000 	C:\Windows\System32\USER32.dll
0x00007ff8af560000 - 0x00007ff8af586000 	C:\Windows\System32\win32u.dll
0x00007ff8b05e0000 - 0x00007ff8b0609000 	C:\Windows\System32\GDI32.dll
0x00007ff8af5c0000 - 0x00007ff8af6e2000 	C:\Windows\System32\gdi32full.dll
0x00007ff8af4c0000 - 0x00007ff8af55a000 	C:\Windows\System32\msvcp_win.dll
0x00007ff89b2c0000 - 0x00007ff89b55b000 	C:\Windows\WinSxS\amd64_microsoft.windows.common-controls_6595b64144ccf1df_6.0.22621.5262_none_2712bde373830908\COMCTL32.dll
0x00007ff8b0830000 - 0x00007ff8b08d7000 	C:\Windows\System32\msvcrt.dll
0x00007ff8b2220000 - 0x00007ff8b2251000 	C:\Windows\System32\IMM32.DLL
0x00007ff8aa8d0000 - 0x00007ff8aa8dc000 	C:\Program Files\Android\Android Studio1\jbr\bin\vcruntime140_1.dll
0x00007ff881a00000 - 0x00007ff881a8d000 	C:\Program Files\Android\Android Studio1\jbr\bin\msvcp140.dll
0x00007ff847b30000 - 0x00007ff8487bb000 	C:\Program Files\Android\Android Studio1\jbr\bin\server\jvm.dll
0x00007ff8b1ee0000 - 0x00007ff8b1f91000 	C:\Windows\System32\ADVAPI32.dll
0x00007ff8b19b0000 - 0x00007ff8b1a57000 	C:\Windows\System32\sechost.dll
0x00007ff8af590000 - 0x00007ff8af5b8000 	C:\Windows\System32\bcrypt.dll
0x00007ff8b04b0000 - 0x00007ff8b05c4000 	C:\Windows\System32\RPCRT4.dll
0x00007ff8b21a0000 - 0x00007ff8b2211000 	C:\Windows\System32\WS2_32.dll
0x00007ff8af120000 - 0x00007ff8af16d000 	C:\Windows\SYSTEM32\POWRPROF.dll
0x00007ff8aaca0000 - 0x00007ff8aacd4000 	C:\Windows\SYSTEM32\WINMM.dll
0x00007ff8a5500000 - 0x00007ff8a550a000 	C:\Windows\SYSTEM32\VERSION.dll
0x00007ff8af100000 - 0x00007ff8af113000 	C:\Windows\SYSTEM32\UMPDC.dll
0x00007ff8ae420000 - 0x00007ff8ae438000 	C:\Windows\SYSTEM32\kernel.appcore.dll
0x00007ff8aa100000 - 0x00007ff8aa10a000 	C:\Program Files\Android\Android Studio1\jbr\bin\jimage.dll
0x00007ff8ac4d0000 - 0x00007ff8ac702000 	C:\Windows\SYSTEM32\DBGHELP.DLL
0x00007ff8affa0000 - 0x00007ff8b0333000 	C:\Windows\System32\combase.dll
0x00007ff8b08e0000 - 0x00007ff8b09b7000 	C:\Windows\System32\OLEAUT32.dll
0x00007ff89a040000 - 0x00007ff89a072000 	C:\Windows\SYSTEM32\dbgcore.DLL
0x00007ff8afde0000 - 0x00007ff8afe5b000 	C:\Windows\System32\bcryptPrimitives.dll
0x00007ff89e6e0000 - 0x00007ff89e700000 	C:\Program Files\Android\Android Studio1\jbr\bin\java.dll
0x00007ff89e310000 - 0x00007ff89e328000 	C:\Program Files\Android\Android Studio1\jbr\bin\zip.dll
0x00007ff8b0c80000 - 0x00007ff8b151d000 	C:\Windows\System32\SHELL32.dll
0x00007ff8afe60000 - 0x00007ff8aff9f000 	C:\Windows\System32\wintypes.dll
0x00007ff8ad2f0000 - 0x00007ff8adc0d000 	C:\Windows\SYSTEM32\windows.storage.dll
0x00007ff8b0350000 - 0x00007ff8b045b000 	C:\Windows\System32\SHCORE.dll
0x00007ff8b0610000 - 0x00007ff8b0676000 	C:\Windows\System32\shlwapi.dll
0x00007ff8af330000 - 0x00007ff8af35b000 	C:\Windows\SYSTEM32\profapi.dll
0x00007ff8a86d0000 - 0x00007ff8a86e0000 	C:\Program Files\Android\Android Studio1\jbr\bin\net.dll
0x00007ff8abbf0000 - 0x00007ff8abd1c000 	C:\Windows\SYSTEM32\WINHTTP.dll
0x00007ff8ae8c0000 - 0x00007ff8ae92a000 	C:\Windows\system32\mswsock.dll
0x00007ff89e150000 - 0x00007ff89e166000 	C:\Program Files\Android\Android Studio1\jbr\bin\nio.dll
0x00007ff8aeb10000 - 0x00007ff8aeb2b000 	C:\Windows\SYSTEM32\CRYPTSP.dll
0x00007ff8ae370000 - 0x00007ff8ae3a7000 	C:\Windows\system32\rsaenh.dll
0x00007ff8ae9b0000 - 0x00007ff8ae9d8000 	C:\Windows\SYSTEM32\USERENV.dll
0x00007ff8af0d0000 - 0x00007ff8af0dc000 	C:\Windows\SYSTEM32\CRYPTBASE.dll
0x00007ff8adeb0000 - 0x00007ff8adedd000 	C:\Windows\SYSTEM32\IPHLPAPI.DLL
0x00007ff8b1540000 - 0x00007ff8b1549000 	C:\Windows\System32\NSI.dll
0x00007ff8500c0000 - 0x00007ff8500c8000 	C:\Windows\system32\wshunix.dll
0x00007ff8a7e80000 - 0x00007ff8a7e89000 	C:\Program Files\Android\Android Studio1\jbr\bin\extnet.dll

dbghelp: loaded successfully - version: 4.0.5 - missing functions: none
symbol engine: initialized successfully - sym options: 0x614 - pdb path: .;C:\Program Files\Android\Android Studio1\jbr\bin;C:\Windows\SYSTEM32;C:\Windows\WinSxS\amd64_microsoft.windows.common-controls_6595b64144ccf1df_6.0.22621.5262_none_2712bde373830908;C:\Program Files\Android\Android Studio1\jbr\bin\server

VM Arguments:
java_command: git4idea.http.GitAskPassApp Password for 'https://rucitarenamesiasana@github.com': 
java_class_path (initial): C:/Program Files/Android/Android Studio1/plugins/vcs-git/lib/git4idea-rt.jar;C:/Program Files/Android/Android Studio1/lib/externalProcess-rt.jar
Launcher Type: SUN_STANDARD

[Global flags]
     intx CICompilerCount                          = 4                                         {product} {ergonomic}
     uint ConcGCThreads                            = 2                                         {product} {ergonomic}
     uint G1ConcRefinementThreads                  = 8                                         {product} {ergonomic}
   size_t G1HeapRegionSize                         = 1048576                                   {product} {ergonomic}
    uintx GCDrainStackTargetSize                   = 64                                        {product} {ergonomic}
   size_t InitialHeapSize                          = 96468992                                  {product} {ergonomic}
   size_t MarkStackSize                            = 4194304                                   {product} {ergonomic}
   size_t MaxHeapSize                              = 1541406720                                {product} {ergonomic}
   size_t MaxNewSize                               = 924844032                                 {product} {ergonomic}
   size_t MinHeapDeltaBytes                        = 1048576                                   {product} {ergonomic}
   size_t MinHeapSize                              = 8388608                                   {product} {ergonomic}
    uintx NonNMethodCodeHeapSize                   = 5839372                                {pd product} {ergonomic}
    uintx NonProfiledCodeHeapSize                  = 122909434                              {pd product} {ergonomic}
    uintx ProfiledCodeHeapSize                     = 122909434                              {pd product} {ergonomic}
    uintx ReservedCodeCacheSize                    = 251658240                              {pd product} {ergonomic}
     bool SegmentedCodeCache                       = true                                      {product} {ergonomic}
   size_t SoftMaxHeapSize                          = 1541406720                             {manageable} {ergonomic}
     bool UseCompressedOops                        = true                           {product lp64_product} {ergonomic}
     bool UseG1GC                                  = true                                      {product} {ergonomic}
     bool UseLargePagesIndividualAllocation        = false                                  {pd product} {ergonomic}

Logging:
Log output configuration:
 #0: stdout all=warning uptime,level,tags foldmultilines=false
 #1: stderr all=off uptime,level,tags foldmultilines=false

Environment Variables:
PATH=C:/Program Files/Git/mingw64/libexec/git-core;C:/Program Files/Git/mingw64/libexec/git-core;C:\Program Files\Git\mingw64\bin;C:\Program Files\Git\usr\bin;C:\Users\licen\bin;C:\Windows\system32;C:\Windows;C:\Windows\System32\Wbem;C:\Windows\System32\WindowsPowerShell\v1.0\;C:\Windows\System32\OpenSSH\;C:\xampp\php;C:\ProgramData\ComposerSetup\bin;C:\Program Files\Git\cmd;C:\Users\licen\AppData\Local\Microsoft\WindowsApps;C:\ProgramData\Marga Nusantara Jaya\GitHubDesktop\bin;C:\Users\licen\AppData\Local\GitHubDesktop\bin;C:\Users\licen\AppData\Local\Programs\Microsoft VS Code\bin;C:\Users\licen\AppData\Roaming\Composer\vendor\bin
USERNAME=Marga Nusantara Jaya
DISPLAY=:0.0
LC_ALL=en_US.UTF-8
TERM=xterm-256color
TMPDIR=C:\Users\licen\AppData\Local\Temp
OS=Windows_NT
PROCESSOR_IDENTIFIER=AMD64 Family 23 Model 160 Stepping 0, AuthenticAMD
TMP=C:\Users\licen\AppData\Local\Temp
TEMP=C:\Users\licen\AppData\Local\Temp




Periodic native trim disabled

JNI global refs:
JNI global refs: 20, weak refs: 0

JNI global refs memory usage: 835, weak refs: 833

Process memory usage:
Resident Set Size: 75424K (1% of 6018300K total physical memory with 73388K free physical memory)

OOME stack traces (most recent first):
Classloader memory used:
Loader bootstrap                                                                       : 15135K
Loader jdk.internal.loader.ClassLoaders$PlatformClassLoader                            : 1783K
Loader jdk.internal.loader.ClassLoaders$AppClassLoader                                 : 16448B

---------------  S Y S T E M  ---------------

OS:
 Windows 11 , 64 bit Build 22621 (10.0.22621.5262)
OS uptime: 9 days 0:58 hours
Hyper-V role detected

CPU: total 8 (initial active 8) (8 cores per cpu, 2 threads per core) family 23 model 160 stepping 0 microcode 0x0, cx8, cmov, fxsr, ht, mmx, 3dnowpref, sse, sse2, sse3, ssse3, sse4a, sse4.1, sse4.2, popcnt, lzcnt, tsc, tscinvbit, avx, avx2, aes, clmul, bmi1, bmi2, adx, sha, fma, vzeroupper, clflush, clflushopt, hv, rdtscp, rdpid, f16c
Processor Information for the first 8 processors :
  Max Mhz: 2801, Current Mhz: 2801, Mhz Limit: 2801

Memory: 4k page, system-wide physical 5877M (71M free)
TotalPageFile size 24309M (AvailPageFile size 0M)
current process WorkingSet (physical memory assigned to process): 73M, peak: 73M
current process commit charge ("private bytes"): 186M, peak: 188M

vm_info: OpenJDK 64-Bit Server VM (21.0.6+-13368085-b895.109) for windows-amd64 JRE (21.0.6+-13368085-b895.109), built on 2025-04-16T17:01:31Z by "builder" with MS VC++ 16.10 / 16.11 (VS2019)

END.
